\BOOKMARK [1][-]{section.1}{\376\377\004\041\004\062\004\076\004\071\000\040\004\102\004\070\004\102\004\103\004\073\004\114\004\075\004\113\004\071\000\040\004\073\004\070\004\101\004\102}{}% 1
\BOOKMARK [1][-]{section.2}{\376\377\004\037\004\065\004\100\004\062\004\113\004\071\000\040\004\100\004\060\004\067\004\064\004\065\004\073}{}% 2
\BOOKMARK [2][-]{subsection.2.1}{\376\377\000S\000u\000b\000s\000e\000c\000t\000i\000o\000n}{section.2}% 3
\BOOKMARK [2][-]{subsection.2.2}{\376\377\004\041\004\072\004\076\004\061\004\072\004\070}{section.2}% 4
\BOOKMARK [2][-]{subsection.2.3}{\376\377\004\041\004\102\004\060\004\075\004\064\004\060\004\100\004\102\004\075\004\113\004\065\000\040\004\104\004\103\004\075\004\072\004\106\004\070\004\070}{section.2}% 5
\BOOKMARK [2][-]{subsection.2.4}{\376\377\004\041\004\070\004\074\004\062\004\076\004\073\004\113}{section.2}% 6
\BOOKMARK [2][-]{subsection.2.5}{\376\377\004\024\004\070\004\060\004\072\004\100\004\070\004\102\004\070\004\107\004\065\004\101\004\072\004\070\004\065\000\040\004\067\004\075\004\060\004\072\004\070}{section.2}% 7
\BOOKMARK [2][-]{subsection.2.6}{\376\377\004\021\004\103\004\072\004\062\004\113\000\040\004\064\004\100\004\103\004\063\004\070\004\105\000\040\004\060\004\073\004\104\004\060\004\062\004\070\004\102\004\076\004\062}{section.2}% 8
\BOOKMARK [1][-]{section.3}{\376\377\004\044\004\076\004\100\004\074\004\103\004\073\004\113\000\040\004\062\000\040\004\075\004\065\004\101\004\072\004\076\004\073\004\114\004\072\004\076\000\040\004\101\004\102\004\100\004\076\004\072}{}% 9
\BOOKMARK [2][-]{subsection.3.1}{\376\377\004\036\004\107\004\065\004\075\004\114\000\040\004\064\004\073\004\070\004\075\004\075\004\113\004\065\000\040\004\104\004\076\004\100\004\074\004\103\004\073\004\113}{section.3}% 10
\BOOKMARK [2][-]{subsection.3.2}{\376\377\004\041\004\070\004\101\004\102\004\065\004\074\004\113\000\040\004\103\004\100\004\060\004\062\004\075\004\065\004\075\004\070\004\071}{section.3}% 11
\BOOKMARK [1][-]{section.4}{\376\377\004\034\004\060\004\102\004\100\004\070\004\106\004\113}{}% 12
\BOOKMARK [1][-]{section.5}{\376\377\004\032\004\065\004\063\004\073\004\114}{}% 13
\BOOKMARK [1][-]{section.6}{\376\377\004\023\004\070\004\077\004\065\004\100\004\101\004\101\004\113\004\073\004\072\004\070}{}% 14
\BOOKMARK [1][-]{section.7}{\376\377\004\037\004\065\004\100\004\065\004\107\004\075\004\070}{}% 15
\BOOKMARK [1][-]{section.8}{\376\377\004\032\004\060\004\100\004\102\004\070\004\075\004\072\004\070\000\040\004\070\000\040\004\042\004\060\004\061\004\073\004\070\004\106\004\113}{}% 16
\BOOKMARK [2][-]{subsection.8.1}{\376\377\004\032\004\060\004\100\004\102\004\070\004\075\004\072\004\070}{section.8}% 17
\BOOKMARK [2][-]{subsection.8.2}{\376\377\004\042\004\060\004\061\004\073\004\070\004\107\004\072\004\070}{section.8}% 18
\BOOKMARK [1][-]{section.9}{\376\377\004\037\004\073\004\060\004\062\004\060\004\116\004\111\004\070\004\065\000\040\004\076\004\061\004\112\004\065\004\072\004\102\004\113}{}% 19
\BOOKMARK [1][-]{section.10}{\376\377\004\036\004\061\004\102\004\065\004\072\004\060\004\075\004\070\004\065\000\040\004\076\004\061\004\112\004\065\004\072\004\102\004\076\004\062\000\040\004\102\004\065\004\072\004\101\004\102\004\076\004\074}{}% 20
\BOOKMARK [1][-]{section.11}{\376\377\004\041\004\077\004\070\004\101\004\076\004\072\000\040\004\070\004\073\004\073\004\116\004\101\004\102\004\100\004\060\004\106\004\070\004\071\000\040\004\070\000\040\004\101\004\077\004\070\004\101\004\076\004\072\000\040\004\102\004\060\004\061\004\073\004\070\004\106}{}% 21
