This is pdfTeX, Version 3.14159265-2.6-1.40.18 (TeX Live 2017/Debian) (preloaded format=pdflatex 2019.10.12)  28 NOV 2019 09:20
entering extended mode
 restricted \write18 enabled.
 %&-line parsing enabled.
**report.tex
(./report.tex
LaTeX2e <2017-04-15>
Babel <3.18> and hyphenation patterns for 84 language(s) loaded.
(/usr/share/texlive/texmf-dist/tex/latex/base/article.cls
Document Class: article 2014/09/29 v1.4h Standard LaTeX document class
(/usr/share/texlive/texmf-dist/tex/latex/base/size11.clo
File: size11.clo 2014/09/29 v1.4h Standard LaTeX file (size option)
)
\c@part=\count79
\c@section=\count80
\c@subsection=\count81
\c@subsubsection=\count82
\c@paragraph=\count83
\c@subparagraph=\count84
\c@figure=\count85
\c@table=\count86
\abovecaptionskip=\skip41
\belowcaptionskip=\skip42
\bibindent=\dimen102
)
(/usr/share/texlive/texmf-dist/tex/latex/cmap/cmap.sty
Package: cmap 2008/03/06 v1.0h CMap support: searchable PDF
)
(/usr/share/texlive/texmf-dist/tex/latex/t2/mathtext.sty
Package: mathtext 1999/01/28 v1.0 transparent text-and-math defs
LaTeX Info: Redefining \halign on input line 111.
)
(/usr/share/texlive/texmf-dist/tex/latex/base/fontenc.sty
Package: fontenc 2017/04/05 v2.0i Standard LaTeX package

(/usr/share/texlive/texmf-dist/tex/latex/cyrillic/t2aenc.def
File: t2aenc.def 2005/09/27 v1.0i Cyrillic encoding definition file
\symT2Aletters=\mathgroup4
)
LaTeX Font Info:    Try loading font information for T2A+cmr on input line 105.


(/usr/share/texlive/texmf-dist/tex/latex/cyrillic/t2acmr.fd
File: t2acmr.fd 2001/08/11 v1.0a Computer Modern Cyrillic font definitions
)<<t2a.cmap>>)
(/usr/share/texlive/texmf-dist/tex/generic/babel/babel.sty
Package: babel 2018/02/14 3.18 The Babel package

(/usr/share/texlive/texmf-dist/tex/generic/babel/switch.def
File: switch.def 2018/02/14 3.18 Babel switching mechanism
)
(/usr/share/texlive/texmf-dist/tex/generic/babel-english/english.ldf
Language: english 2017/06/06 v3.3r English support from the babel system

(/usr/share/texlive/texmf-dist/tex/generic/babel/babel.def
File: babel.def 2018/02/14 3.18 Babel common definitions
\babel@savecnt=\count87
\U@D=\dimen103

(/usr/share/texlive/texmf-dist/tex/generic/babel/txtbabel.def)
\bbl@dirlevel=\count88
)
\l@canadian = a dialect from \language\l@american 
\l@australian = a dialect from \language\l@british 
\l@newzealand = a dialect from \language\l@british 
)
(/usr/share/texlive/texmf-dist/tex/generic/babel-russian/russianb.ldf
Language: russian 2017/08/12 1.3j Russian support for the Babel system
Package babel Info: Making " an active character on input line 120.
Package babel Info: Default for \cyrdash is provided on input line 157.
))
(/usr/share/texlive/texmf-dist/tex/latex/amsfonts/amsfonts.sty
Package: amsfonts 2013/01/14 v3.01 Basic AMSFonts support
\@emptytoks=\toks14
\symAMSa=\mathgroup5
\symAMSb=\mathgroup6
LaTeX Font Info:    Overwriting math alphabet `\mathfrak' in version `bold'
(Font)                  U/euf/m/n --> U/euf/b/n on input line 106.
)
(/usr/share/texlive/texmf-dist/tex/latex/amsfonts/amssymb.sty
Package: amssymb 2013/01/14 v3.01 AMS font symbols
)
(/usr/share/texlive/texmf-dist/tex/latex/amscls/amsthm.sty
Package: amsthm 2017/10/31 v2.20.4
\thm@style=\toks15
\thm@bodyfont=\toks16
\thm@headfont=\toks17
\thm@notefont=\toks18
\thm@headpunct=\toks19
\thm@preskip=\skip43
\thm@postskip=\skip44
\thm@headsep=\skip45
\dth@everypar=\toks20
)
(/usr/share/texlive/texmf-dist/tex/latex/mathtools/mathtools.sty
Package: mathtools 2018/01/08 v1.21 mathematical typesetting tools

(/usr/share/texlive/texmf-dist/tex/latex/graphics/keyval.sty
Package: keyval 2014/10/28 v1.15 key=value parser (DPC)
\KV@toks@=\toks21
)
(/usr/share/texlive/texmf-dist/tex/latex/tools/calc.sty
Package: calc 2014/10/28 v4.3 Infix arithmetic (KKT,FJ)
\calc@Acount=\count89
\calc@Bcount=\count90
\calc@Adimen=\dimen104
\calc@Bdimen=\dimen105
\calc@Askip=\skip46
\calc@Bskip=\skip47
LaTeX Info: Redefining \setlength on input line 80.
LaTeX Info: Redefining \addtolength on input line 81.
\calc@Ccount=\count91
\calc@Cskip=\skip48
)
(/usr/share/texlive/texmf-dist/tex/latex/mathtools/mhsetup.sty
Package: mhsetup 2017/03/31 v1.3 programming setup (MH)
)
(/usr/share/texlive/texmf-dist/tex/latex/amsmath/amsmath.sty
Package: amsmath 2017/09/02 v2.17a AMS math features
\@mathmargin=\skip49

For additional information on amsmath, use the `?' option.
(/usr/share/texlive/texmf-dist/tex/latex/amsmath/amstext.sty
Package: amstext 2000/06/29 v2.01 AMS text

(/usr/share/texlive/texmf-dist/tex/latex/amsmath/amsgen.sty
File: amsgen.sty 1999/11/30 v2.0 generic functions
\@emptytoks=\toks22
\ex@=\dimen106
))
(/usr/share/texlive/texmf-dist/tex/latex/amsmath/amsbsy.sty
Package: amsbsy 1999/11/29 v1.2d Bold Symbols
\pmbraise@=\dimen107
)
(/usr/share/texlive/texmf-dist/tex/latex/amsmath/amsopn.sty
Package: amsopn 2016/03/08 v2.02 operator names
)
\inf@bad=\count92
LaTeX Info: Redefining \frac on input line 213.
\uproot@=\count93
\leftroot@=\count94
LaTeX Info: Redefining \overline on input line 375.
\classnum@=\count95
\DOTSCASE@=\count96
LaTeX Info: Redefining \ldots on input line 472.
LaTeX Info: Redefining \dots on input line 475.
LaTeX Info: Redefining \cdots on input line 596.
\Mathstrutbox@=\box26
\strutbox@=\box27
\big@size=\dimen108
LaTeX Font Info:    Redeclaring font encoding OML on input line 712.
\symOMLletters=\mathgroup7
LaTeX Font Info:    Redeclaring font encoding OMS on input line 713.
\symOMSletters=\mathgroup8
\macc@depth=\count97
\c@MaxMatrixCols=\count98
\dotsspace@=\muskip10
\c@parentequation=\count99
\dspbrk@lvl=\count100
\tag@help=\toks23
\row@=\count101
\column@=\count102
\maxfields@=\count103
\andhelp@=\toks24
\eqnshift@=\dimen109
\alignsep@=\dimen110
\tagshift@=\dimen111
\tagwidth@=\dimen112
\totwidth@=\dimen113
\lineht@=\dimen114
\@envbody=\toks25
\multlinegap=\skip50
\multlinetaggap=\skip51
\mathdisplay@stack=\toks26
LaTeX Info: Redefining \[ on input line 2817.
LaTeX Info: Redefining \] on input line 2818.
)
LaTeX Info: Thecontrolsequence`\('isalreadyrobust on input line 129.
LaTeX Info: Thecontrolsequence`\)'isalreadyrobust on input line 129.
LaTeX Info: Thecontrolsequence`\['isalreadyrobust on input line 129.
LaTeX Info: Thecontrolsequence`\]'isalreadyrobust on input line 129.
\g_MT_multlinerow_int=\count104
\l_MT_multwidth_dim=\dimen115
\origjot=\skip52
\l_MT_shortvdotswithinadjustabove_dim=\dimen116
\l_MT_shortvdotswithinadjustbelow_dim=\dimen117
\l_MT_above_intertext_sep=\dimen118
\l_MT_below_intertext_sep=\dimen119
\l_MT_above_shortintertext_sep=\dimen120
\l_MT_below_shortintertext_sep=\dimen121
)
(/usr/share/texlive/texmf-dist/tex/latex/was/icomma.sty
Package: icomma 2002/03/10 v2.0 (WaS)
)
(/usr/share/texlive/texmf-dist/tex/latex/tools/indentfirst.sty
Package: indentfirst 1995/11/23 v1.03 Indent first paragraph (DPC)
)
(/usr/share/texlive/texmf-dist/tex/latex/setspace/setspace.sty
Package: setspace 2011/12/19 v6.7a set line spacing
)
(/usr/share/texlive/texmf-dist/tex/latex/geometry/geometry.sty
Package: geometry 2010/09/12 v5.6 Page Geometry

(/usr/share/texlive/texmf-dist/tex/generic/oberdiek/ifpdf.sty
Package: ifpdf 2017/03/15 v3.2 Provides the ifpdf switch
)
(/usr/share/texlive/texmf-dist/tex/generic/oberdiek/ifvtex.sty
Package: ifvtex 2016/05/16 v1.6 Detect VTeX and its facilities (HO)
Package ifvtex Info: VTeX not detected.
)
(/usr/share/texlive/texmf-dist/tex/generic/ifxetex/ifxetex.sty
Package: ifxetex 2010/09/12 v0.6 Provides ifxetex conditional
)
\Gm@cnth=\count105
\Gm@cntv=\count106
\c@Gm@tempcnt=\count107
\Gm@bindingoffset=\dimen122
\Gm@wd@mp=\dimen123
\Gm@odd@mp=\dimen124
\Gm@even@mp=\dimen125
\Gm@layoutwidth=\dimen126
\Gm@layoutheight=\dimen127
\Gm@layouthoffset=\dimen128
\Gm@layoutvoffset=\dimen129
\Gm@dimlist=\toks27
)
(/usr/share/texlive/texmf-dist/tex/latex/amsfonts/euscript.sty
Package: euscript 2009/06/22 v3.00 Euler Script fonts
LaTeX Font Info:    Overwriting math alphabet `\EuScript' in version `bold'
(Font)                  U/eus/m/n --> U/eus/b/n on input line 33.
)
(/usr/share/texlive/texmf-dist/tex/latex/jknapltx/mathrsfs.sty
Package: mathrsfs 1996/01/01 Math RSFS package v1.0 (jk)
\symrsfs=\mathgroup9
)
(/usr/share/texlive/texmf-dist/tex/latex/graphics/graphicx.sty
Package: graphicx 2017/06/01 v1.1a Enhanced LaTeX Graphics (DPC,SPQR)

(/usr/share/texlive/texmf-dist/tex/latex/graphics/graphics.sty
Package: graphics 2017/06/25 v1.2c Standard LaTeX Graphics (DPC,SPQR)

(/usr/share/texlive/texmf-dist/tex/latex/graphics/trig.sty
Package: trig 2016/01/03 v1.10 sin cos tan (DPC)
)
(/usr/share/texlive/texmf-dist/tex/latex/graphics-cfg/graphics.cfg
File: graphics.cfg 2016/06/04 v1.11 sample graphics configuration
)
Package graphics Info: Driver file: pdftex.def on input line 99.

(/usr/share/texlive/texmf-dist/tex/latex/graphics-def/pdftex.def
File: pdftex.def 2018/01/08 v1.0l Graphics/color driver for pdftex
))
\Gin@req@height=\dimen130
\Gin@req@width=\dimen131
)
(/usr/share/texlive/texmf-dist/tex/latex/wrapfig/wrapfig.sty
\wrapoverhang=\dimen132
\WF@size=\dimen133
\c@WF@wrappedlines=\count108
\WF@box=\box28
\WF@everypar=\toks28
Package: wrapfig 2003/01/31  v 3.6
)
(/usr/share/texlive/texmf-dist/tex/latex/tools/array.sty
Package: array 2016/10/06 v2.4d Tabular extension package (FMi)
\col@sep=\dimen134
\extrarowheight=\dimen135
\NC@list=\toks29
\extratabsurround=\skip53
\backup@length=\skip54
)
(/usr/share/texlive/texmf-dist/tex/latex/tools/tabularx.sty
Package: tabularx 2016/02/03 v2.11 `tabularx' package (DPC)
\TX@col@width=\dimen136
\TX@old@table=\dimen137
\TX@old@col=\dimen138
\TX@target=\dimen139
\TX@delta=\dimen140
\TX@cols=\count109
\TX@ftn=\toks30
)
(/usr/share/texlive/texmf-dist/tex/latex/tabulary/tabulary.sty
Package: tabulary 2014/06/11 v0.10 tabulary package (DPC)
\TY@count=\count110
\TY@linewidth=\dimen141
\tymin=\dimen142
\tymax=\dimen143
\TY@tablewidth=\dimen144
)
(/usr/share/texlive/texmf-dist/tex/latex/booktabs/booktabs.sty
Package: booktabs 2016/04/27 v1.618033 publication quality tables
\heavyrulewidth=\dimen145
\lightrulewidth=\dimen146
\cmidrulewidth=\dimen147
\belowrulesep=\dimen148
\belowbottomsep=\dimen149
\aboverulesep=\dimen150
\abovetopsep=\dimen151
\cmidrulesep=\dimen152
\cmidrulekern=\dimen153
\defaultaddspace=\dimen154
\@cmidla=\count111
\@cmidlb=\count112
\@aboverulesep=\dimen155
\@belowrulesep=\dimen156
\@thisruleclass=\count113
\@lastruleclass=\count114
\@thisrulewidth=\dimen157
)
(/usr/share/texlive/texmf-dist/tex/latex/tools/longtable.sty
Package: longtable 2014/10/28 v4.11 Multi-page Table package (DPC)
\LTleft=\skip55
\LTright=\skip56
\LTpre=\skip57
\LTpost=\skip58
\LTchunksize=\count115
\LTcapwidth=\dimen158
\LT@head=\box29
\LT@firsthead=\box30
\LT@foot=\box31
\LT@lastfoot=\box32
\LT@cols=\count116
\LT@rows=\count117
\c@LT@tables=\count118
\c@LT@chunks=\count119
\LT@p@ftn=\toks31
)
(/usr/share/texlive/texmf-dist/tex/latex/multirow/multirow.sty
Package: multirow 2016/11/25 v2.2 Span multiple rows of a table
\multirow@colwidth=\skip59
\multirow@cntb=\count120
\multirow@dima=\skip60
\bigstrutjot=\dimen159
)
(/usr/share/texlive/texmf-dist/tex/latex/base/inputenc.sty
Package: inputenc 2015/03/17 v1.2c Input encoding file
\inpenc@prehook=\toks32
\inpenc@posthook=\toks33

(/usr/share/texlive/texmf-dist/tex/latex/base/utf8.def
File: utf8.def 2017/01/28 v1.1t UTF-8 support for inputenc
Now handling font encoding OML ...
... no UTF-8 mapping file for font encoding OML
Now handling font encoding T1 ...
... processing UTF-8 mapping file for font encoding T1

(/usr/share/texlive/texmf-dist/tex/latex/base/t1enc.dfu
File: t1enc.dfu 2017/01/28 v1.1t UTF-8 support for inputenc
   defining Unicode char U+00A0 (decimal 160)
   defining Unicode char U+00A1 (decimal 161)
   defining Unicode char U+00A3 (decimal 163)
   defining Unicode char U+00AB (decimal 171)
   defining Unicode char U+00AD (decimal 173)
   defining Unicode char U+00BB (decimal 187)
   defining Unicode char U+00BF (decimal 191)
   defining Unicode char U+00C0 (decimal 192)
   defining Unicode char U+00C1 (decimal 193)
   defining Unicode char U+00C2 (decimal 194)
   defining Unicode char U+00C3 (decimal 195)
   defining Unicode char U+00C4 (decimal 196)
   defining Unicode char U+00C5 (decimal 197)
   defining Unicode char U+00C6 (decimal 198)
   defining Unicode char U+00C7 (decimal 199)
   defining Unicode char U+00C8 (decimal 200)
   defining Unicode char U+00C9 (decimal 201)
   defining Unicode char U+00CA (decimal 202)
   defining Unicode char U+00CB (decimal 203)
   defining Unicode char U+00CC (decimal 204)
   defining Unicode char U+00CD (decimal 205)
   defining Unicode char U+00CE (decimal 206)
   defining Unicode char U+00CF (decimal 207)
   defining Unicode char U+00D0 (decimal 208)
   defining Unicode char U+00D1 (decimal 209)
   defining Unicode char U+00D2 (decimal 210)
   defining Unicode char U+00D3 (decimal 211)
   defining Unicode char U+00D4 (decimal 212)
   defining Unicode char U+00D5 (decimal 213)
   defining Unicode char U+00D6 (decimal 214)
   defining Unicode char U+00D8 (decimal 216)
   defining Unicode char U+00D9 (decimal 217)
   defining Unicode char U+00DA (decimal 218)
   defining Unicode char U+00DB (decimal 219)
   defining Unicode char U+00DC (decimal 220)
   defining Unicode char U+00DD (decimal 221)
   defining Unicode char U+00DE (decimal 222)
   defining Unicode char U+00DF (decimal 223)
   defining Unicode char U+00E0 (decimal 224)
   defining Unicode char U+00E1 (decimal 225)
   defining Unicode char U+00E2 (decimal 226)
   defining Unicode char U+00E3 (decimal 227)
   defining Unicode char U+00E4 (decimal 228)
   defining Unicode char U+00E5 (decimal 229)
   defining Unicode char U+00E6 (decimal 230)
   defining Unicode char U+00E7 (decimal 231)
   defining Unicode char U+00E8 (decimal 232)
   defining Unicode char U+00E9 (decimal 233)
   defining Unicode char U+00EA (decimal 234)
   defining Unicode char U+00EB (decimal 235)
   defining Unicode char U+00EC (decimal 236)
   defining Unicode char U+00ED (decimal 237)
   defining Unicode char U+00EE (decimal 238)
   defining Unicode char U+00EF (decimal 239)
   defining Unicode char U+00F0 (decimal 240)
   defining Unicode char U+00F1 (decimal 241)
   defining Unicode char U+00F2 (decimal 242)
   defining Unicode char U+00F3 (decimal 243)
   defining Unicode char U+00F4 (decimal 244)
   defining Unicode char U+00F5 (decimal 245)
   defining Unicode char U+00F6 (decimal 246)
   defining Unicode char U+00F8 (decimal 248)
   defining Unicode char U+00F9 (decimal 249)
   defining Unicode char U+00FA (decimal 250)
   defining Unicode char U+00FB (decimal 251)
   defining Unicode char U+00FC (decimal 252)
   defining Unicode char U+00FD (decimal 253)
   defining Unicode char U+00FE (decimal 254)
   defining Unicode char U+00FF (decimal 255)
   defining Unicode char U+0100 (decimal 256)
   defining Unicode char U+0101 (decimal 257)
   defining Unicode char U+0102 (decimal 258)
   defining Unicode char U+0103 (decimal 259)
   defining Unicode char U+0104 (decimal 260)
   defining Unicode char U+0105 (decimal 261)
   defining Unicode char U+0106 (decimal 262)
   defining Unicode char U+0107 (decimal 263)
   defining Unicode char U+0108 (decimal 264)
   defining Unicode char U+0109 (decimal 265)
   defining Unicode char U+010A (decimal 266)
   defining Unicode char U+010B (decimal 267)
   defining Unicode char U+010C (decimal 268)
   defining Unicode char U+010D (decimal 269)
   defining Unicode char U+010E (decimal 270)
   defining Unicode char U+010F (decimal 271)
   defining Unicode char U+0110 (decimal 272)
   defining Unicode char U+0111 (decimal 273)
   defining Unicode char U+0112 (decimal 274)
   defining Unicode char U+0113 (decimal 275)
   defining Unicode char U+0114 (decimal 276)
   defining Unicode char U+0115 (decimal 277)
   defining Unicode char U+0116 (decimal 278)
   defining Unicode char U+0117 (decimal 279)
   defining Unicode char U+0118 (decimal 280)
   defining Unicode char U+0119 (decimal 281)
   defining Unicode char U+011A (decimal 282)
   defining Unicode char U+011B (decimal 283)
   defining Unicode char U+011C (decimal 284)
   defining Unicode char U+011D (decimal 285)
   defining Unicode char U+011E (decimal 286)
   defining Unicode char U+011F (decimal 287)
   defining Unicode char U+0120 (decimal 288)
   defining Unicode char U+0121 (decimal 289)
   defining Unicode char U+0122 (decimal 290)
   defining Unicode char U+0123 (decimal 291)
   defining Unicode char U+0124 (decimal 292)
   defining Unicode char U+0125 (decimal 293)
   defining Unicode char U+0128 (decimal 296)
   defining Unicode char U+0129 (decimal 297)
   defining Unicode char U+012A (decimal 298)
   defining Unicode char U+012B (decimal 299)
   defining Unicode char U+012C (decimal 300)
   defining Unicode char U+012D (decimal 301)
   defining Unicode char U+012E (decimal 302)
   defining Unicode char U+012F (decimal 303)
   defining Unicode char U+0130 (decimal 304)
   defining Unicode char U+0131 (decimal 305)
   defining Unicode char U+0132 (decimal 306)
   defining Unicode char U+0133 (decimal 307)
   defining Unicode char U+0134 (decimal 308)
   defining Unicode char U+0135 (decimal 309)
   defining Unicode char U+0136 (decimal 310)
   defining Unicode char U+0137 (decimal 311)
   defining Unicode char U+0139 (decimal 313)
   defining Unicode char U+013A (decimal 314)
   defining Unicode char U+013B (decimal 315)
   defining Unicode char U+013C (decimal 316)
   defining Unicode char U+013D (decimal 317)
   defining Unicode char U+013E (decimal 318)
   defining Unicode char U+0141 (decimal 321)
   defining Unicode char U+0142 (decimal 322)
   defining Unicode char U+0143 (decimal 323)
   defining Unicode char U+0144 (decimal 324)
   defining Unicode char U+0145 (decimal 325)
   defining Unicode char U+0146 (decimal 326)
   defining Unicode char U+0147 (decimal 327)
   defining Unicode char U+0148 (decimal 328)
   defining Unicode char U+014A (decimal 330)
   defining Unicode char U+014B (decimal 331)
   defining Unicode char U+014C (decimal 332)
   defining Unicode char U+014D (decimal 333)
   defining Unicode char U+014E (decimal 334)
   defining Unicode char U+014F (decimal 335)
   defining Unicode char U+0150 (decimal 336)
   defining Unicode char U+0151 (decimal 337)
   defining Unicode char U+0152 (decimal 338)
   defining Unicode char U+0153 (decimal 339)
   defining Unicode char U+0154 (decimal 340)
   defining Unicode char U+0155 (decimal 341)
   defining Unicode char U+0156 (decimal 342)
   defining Unicode char U+0157 (decimal 343)
   defining Unicode char U+0158 (decimal 344)
   defining Unicode char U+0159 (decimal 345)
   defining Unicode char U+015A (decimal 346)
   defining Unicode char U+015B (decimal 347)
   defining Unicode char U+015C (decimal 348)
   defining Unicode char U+015D (decimal 349)
   defining Unicode char U+015E (decimal 350)
   defining Unicode char U+015F (decimal 351)
   defining Unicode char U+0160 (decimal 352)
   defining Unicode char U+0161 (decimal 353)
   defining Unicode char U+0162 (decimal 354)
   defining Unicode char U+0163 (decimal 355)
   defining Unicode char U+0164 (decimal 356)
   defining Unicode char U+0165 (decimal 357)
   defining Unicode char U+0168 (decimal 360)
   defining Unicode char U+0169 (decimal 361)
   defining Unicode char U+016A (decimal 362)
   defining Unicode char U+016B (decimal 363)
   defining Unicode char U+016C (decimal 364)
   defining Unicode char U+016D (decimal 365)
   defining Unicode char U+016E (decimal 366)
   defining Unicode char U+016F (decimal 367)
   defining Unicode char U+0170 (decimal 368)
   defining Unicode char U+0171 (decimal 369)
   defining Unicode char U+0172 (decimal 370)
   defining Unicode char U+0173 (decimal 371)
   defining Unicode char U+0174 (decimal 372)
   defining Unicode char U+0175 (decimal 373)
   defining Unicode char U+0176 (decimal 374)
   defining Unicode char U+0177 (decimal 375)
   defining Unicode char U+0178 (decimal 376)
   defining Unicode char U+0179 (decimal 377)
   defining Unicode char U+017A (decimal 378)
   defining Unicode char U+017B (decimal 379)
   defining Unicode char U+017C (decimal 380)
   defining Unicode char U+017D (decimal 381)
   defining Unicode char U+017E (decimal 382)
   defining Unicode char U+01CD (decimal 461)
   defining Unicode char U+01CE (decimal 462)
   defining Unicode char U+01CF (decimal 463)
   defining Unicode char U+01D0 (decimal 464)
   defining Unicode char U+01D1 (decimal 465)
   defining Unicode char U+01D2 (decimal 466)
   defining Unicode char U+01D3 (decimal 467)
   defining Unicode char U+01D4 (decimal 468)
   defining Unicode char U+01E2 (decimal 482)
   defining Unicode char U+01E3 (decimal 483)
   defining Unicode char U+01E6 (decimal 486)
   defining Unicode char U+01E7 (decimal 487)
   defining Unicode char U+01E8 (decimal 488)
   defining Unicode char U+01E9 (decimal 489)
   defining Unicode char U+01EA (decimal 490)
   defining Unicode char U+01EB (decimal 491)
   defining Unicode char U+01F0 (decimal 496)
   defining Unicode char U+01F4 (decimal 500)
   defining Unicode char U+01F5 (decimal 501)
   defining Unicode char U+0218 (decimal 536)
   defining Unicode char U+0219 (decimal 537)
   defining Unicode char U+021A (decimal 538)
   defining Unicode char U+021B (decimal 539)
   defining Unicode char U+0232 (decimal 562)
   defining Unicode char U+0233 (decimal 563)
   defining Unicode char U+1E02 (decimal 7682)
   defining Unicode char U+1E03 (decimal 7683)
   defining Unicode char U+200C (decimal 8204)
   defining Unicode char U+2010 (decimal 8208)
   defining Unicode char U+2011 (decimal 8209)
   defining Unicode char U+2012 (decimal 8210)
   defining Unicode char U+2013 (decimal 8211)
   defining Unicode char U+2014 (decimal 8212)
   defining Unicode char U+2015 (decimal 8213)
   defining Unicode char U+2018 (decimal 8216)
   defining Unicode char U+2019 (decimal 8217)
   defining Unicode char U+201A (decimal 8218)
   defining Unicode char U+201C (decimal 8220)
   defining Unicode char U+201D (decimal 8221)
   defining Unicode char U+201E (decimal 8222)
   defining Unicode char U+2030 (decimal 8240)
   defining Unicode char U+2031 (decimal 8241)
   defining Unicode char U+2039 (decimal 8249)
   defining Unicode char U+203A (decimal 8250)
   defining Unicode char U+2423 (decimal 9251)
   defining Unicode char U+1E20 (decimal 7712)
   defining Unicode char U+1E21 (decimal 7713)
)
Now handling font encoding OT1 ...
... processing UTF-8 mapping file for font encoding OT1

(/usr/share/texlive/texmf-dist/tex/latex/base/ot1enc.dfu
File: ot1enc.dfu 2017/01/28 v1.1t UTF-8 support for inputenc
   defining Unicode char U+00A0 (decimal 160)
   defining Unicode char U+00A1 (decimal 161)
   defining Unicode char U+00A3 (decimal 163)
   defining Unicode char U+00AD (decimal 173)
   defining Unicode char U+00B8 (decimal 184)
   defining Unicode char U+00BF (decimal 191)
   defining Unicode char U+00C5 (decimal 197)
   defining Unicode char U+00C6 (decimal 198)
   defining Unicode char U+00D8 (decimal 216)
   defining Unicode char U+00DF (decimal 223)
   defining Unicode char U+00E6 (decimal 230)
   defining Unicode char U+00EC (decimal 236)
   defining Unicode char U+00ED (decimal 237)
   defining Unicode char U+00EE (decimal 238)
   defining Unicode char U+00EF (decimal 239)
   defining Unicode char U+00F8 (decimal 248)
   defining Unicode char U+0131 (decimal 305)
   defining Unicode char U+0141 (decimal 321)
   defining Unicode char U+0142 (decimal 322)
   defining Unicode char U+0152 (decimal 338)
   defining Unicode char U+0153 (decimal 339)
   defining Unicode char U+0174 (decimal 372)
   defining Unicode char U+0175 (decimal 373)
   defining Unicode char U+0176 (decimal 374)
   defining Unicode char U+0177 (decimal 375)
   defining Unicode char U+0218 (decimal 536)
   defining Unicode char U+0219 (decimal 537)
   defining Unicode char U+021A (decimal 538)
   defining Unicode char U+021B (decimal 539)
   defining Unicode char U+2013 (decimal 8211)
   defining Unicode char U+2014 (decimal 8212)
   defining Unicode char U+2018 (decimal 8216)
   defining Unicode char U+2019 (decimal 8217)
   defining Unicode char U+201C (decimal 8220)
   defining Unicode char U+201D (decimal 8221)
)
Now handling font encoding OMS ...
... processing UTF-8 mapping file for font encoding OMS

(/usr/share/texlive/texmf-dist/tex/latex/base/omsenc.dfu
File: omsenc.dfu 2017/01/28 v1.1t UTF-8 support for inputenc
   defining Unicode char U+00A7 (decimal 167)
   defining Unicode char U+00B6 (decimal 182)
   defining Unicode char U+00B7 (decimal 183)
   defining Unicode char U+2020 (decimal 8224)
   defining Unicode char U+2021 (decimal 8225)
   defining Unicode char U+2022 (decimal 8226)
)
Now handling font encoding OMX ...
... no UTF-8 mapping file for font encoding OMX
Now handling font encoding U ...
... no UTF-8 mapping file for font encoding U
Now handling font encoding T2A ...
... processing UTF-8 mapping file for font encoding T2A

(/usr/share/texlive/texmf-dist/tex/latex/base/t2aenc.dfu
File: t2aenc.dfu 2017/01/28 v1.1t UTF-8 support for inputenc
   defining Unicode char U+00A4 (decimal 164)
   defining Unicode char U+00A7 (decimal 167)
   defining Unicode char U+00AB (decimal 171)
   defining Unicode char U+00BB (decimal 187)
   defining Unicode char U+0131 (decimal 305)
   defining Unicode char U+0400 (decimal 1024)
   defining Unicode char U+0401 (decimal 1025)
   defining Unicode char U+0402 (decimal 1026)
   defining Unicode char U+0403 (decimal 1027)
   defining Unicode char U+0404 (decimal 1028)
   defining Unicode char U+0405 (decimal 1029)
   defining Unicode char U+0406 (decimal 1030)
   defining Unicode char U+0407 (decimal 1031)
   defining Unicode char U+0408 (decimal 1032)
   defining Unicode char U+0409 (decimal 1033)
   defining Unicode char U+040A (decimal 1034)
   defining Unicode char U+040B (decimal 1035)
   defining Unicode char U+040C (decimal 1036)
   defining Unicode char U+040D (decimal 1037)
   defining Unicode char U+040E (decimal 1038)
   defining Unicode char U+040F (decimal 1039)
   defining Unicode char U+0410 (decimal 1040)
   defining Unicode char U+0411 (decimal 1041)
   defining Unicode char U+0412 (decimal 1042)
   defining Unicode char U+0413 (decimal 1043)
   defining Unicode char U+0414 (decimal 1044)
   defining Unicode char U+0415 (decimal 1045)
   defining Unicode char U+0416 (decimal 1046)
   defining Unicode char U+0417 (decimal 1047)
   defining Unicode char U+0418 (decimal 1048)
   defining Unicode char U+0419 (decimal 1049)
   defining Unicode char U+041A (decimal 1050)
   defining Unicode char U+041B (decimal 1051)
   defining Unicode char U+041C (decimal 1052)
   defining Unicode char U+041D (decimal 1053)
   defining Unicode char U+041E (decimal 1054)
   defining Unicode char U+041F (decimal 1055)
   defining Unicode char U+0420 (decimal 1056)
   defining Unicode char U+0421 (decimal 1057)
   defining Unicode char U+0422 (decimal 1058)
   defining Unicode char U+0423 (decimal 1059)
   defining Unicode char U+0424 (decimal 1060)
   defining Unicode char U+0425 (decimal 1061)
   defining Unicode char U+0426 (decimal 1062)
   defining Unicode char U+0427 (decimal 1063)
   defining Unicode char U+0428 (decimal 1064)
   defining Unicode char U+0429 (decimal 1065)
   defining Unicode char U+042A (decimal 1066)
   defining Unicode char U+042B (decimal 1067)
   defining Unicode char U+042C (decimal 1068)
   defining Unicode char U+042D (decimal 1069)
   defining Unicode char U+042E (decimal 1070)
   defining Unicode char U+042F (decimal 1071)
   defining Unicode char U+0430 (decimal 1072)
   defining Unicode char U+0431 (decimal 1073)
   defining Unicode char U+0432 (decimal 1074)
   defining Unicode char U+0433 (decimal 1075)
   defining Unicode char U+0434 (decimal 1076)
   defining Unicode char U+0435 (decimal 1077)
   defining Unicode char U+0436 (decimal 1078)
   defining Unicode char U+0437 (decimal 1079)
   defining Unicode char U+0438 (decimal 1080)
   defining Unicode char U+0439 (decimal 1081)
   defining Unicode char U+043A (decimal 1082)
   defining Unicode char U+043B (decimal 1083)
   defining Unicode char U+043C (decimal 1084)
   defining Unicode char U+043D (decimal 1085)
   defining Unicode char U+043E (decimal 1086)
   defining Unicode char U+043F (decimal 1087)
   defining Unicode char U+0440 (decimal 1088)
   defining Unicode char U+0441 (decimal 1089)
   defining Unicode char U+0442 (decimal 1090)
   defining Unicode char U+0443 (decimal 1091)
   defining Unicode char U+0444 (decimal 1092)
   defining Unicode char U+0445 (decimal 1093)
   defining Unicode char U+0446 (decimal 1094)
   defining Unicode char U+0447 (decimal 1095)
   defining Unicode char U+0448 (decimal 1096)
   defining Unicode char U+0449 (decimal 1097)
   defining Unicode char U+044A (decimal 1098)
   defining Unicode char U+044B (decimal 1099)
   defining Unicode char U+044C (decimal 1100)
   defining Unicode char U+044D (decimal 1101)
   defining Unicode char U+044E (decimal 1102)
   defining Unicode char U+044F (decimal 1103)
   defining Unicode char U+0450 (decimal 1104)
   defining Unicode char U+0451 (decimal 1105)
   defining Unicode char U+0452 (decimal 1106)
   defining Unicode char U+0453 (decimal 1107)
   defining Unicode char U+0454 (decimal 1108)
   defining Unicode char U+0455 (decimal 1109)
   defining Unicode char U+0456 (decimal 1110)
   defining Unicode char U+0457 (decimal 1111)
   defining Unicode char U+0458 (decimal 1112)
   defining Unicode char U+0459 (decimal 1113)
   defining Unicode char U+045A (decimal 1114)
   defining Unicode char U+045B (decimal 1115)
   defining Unicode char U+045C (decimal 1116)
   defining Unicode char U+045D (decimal 1117)
   defining Unicode char U+045E (decimal 1118)
   defining Unicode char U+045F (decimal 1119)
   defining Unicode char U+0490 (decimal 1168)
   defining Unicode char U+0491 (decimal 1169)
   defining Unicode char U+0492 (decimal 1170)
   defining Unicode char U+0493 (decimal 1171)
   defining Unicode char U+0496 (decimal 1174)
   defining Unicode char U+0497 (decimal 1175)
   defining Unicode char U+0498 (decimal 1176)
   defining Unicode char U+0499 (decimal 1177)
   defining Unicode char U+049A (decimal 1178)
   defining Unicode char U+049B (decimal 1179)
   defining Unicode char U+049C (decimal 1180)
   defining Unicode char U+049D (decimal 1181)
   defining Unicode char U+04A0 (decimal 1184)
   defining Unicode char U+04A1 (decimal 1185)
   defining Unicode char U+04A2 (decimal 1186)
   defining Unicode char U+04A3 (decimal 1187)
   defining Unicode char U+04A4 (decimal 1188)
   defining Unicode char U+04A5 (decimal 1189)
   defining Unicode char U+04AA (decimal 1194)
   defining Unicode char U+04AB (decimal 1195)
   defining Unicode char U+04AE (decimal 1198)
   defining Unicode char U+04AF (decimal 1199)
   defining Unicode char U+04B0 (decimal 1200)
   defining Unicode char U+04B1 (decimal 1201)
   defining Unicode char U+04B2 (decimal 1202)
   defining Unicode char U+04B3 (decimal 1203)
   defining Unicode char U+04B6 (decimal 1206)
   defining Unicode char U+04B7 (decimal 1207)
   defining Unicode char U+04B8 (decimal 1208)
   defining Unicode char U+04B9 (decimal 1209)
   defining Unicode char U+04BA (decimal 1210)
   defining Unicode char U+04BB (decimal 1211)
   defining Unicode char U+04C0 (decimal 1216)
   defining Unicode char U+04C1 (decimal 1217)
   defining Unicode char U+04C2 (decimal 1218)
   defining Unicode char U+04D0 (decimal 1232)
   defining Unicode char U+04D1 (decimal 1233)
   defining Unicode char U+04D2 (decimal 1234)
   defining Unicode char U+04D3 (decimal 1235)
   defining Unicode char U+04D4 (decimal 1236)
   defining Unicode char U+04D5 (decimal 1237)
   defining Unicode char U+04D6 (decimal 1238)
   defining Unicode char U+04D7 (decimal 1239)
   defining Unicode char U+04D8 (decimal 1240)
   defining Unicode char U+04D9 (decimal 1241)
   defining Unicode char U+04DA (decimal 1242)
   defining Unicode char U+04DB (decimal 1243)
   defining Unicode char U+04DC (decimal 1244)
   defining Unicode char U+04DD (decimal 1245)
   defining Unicode char U+04DE (decimal 1246)
   defining Unicode char U+04DF (decimal 1247)
   defining Unicode char U+04E2 (decimal 1250)
   defining Unicode char U+04E3 (decimal 1251)
   defining Unicode char U+04E4 (decimal 1252)
   defining Unicode char U+04E5 (decimal 1253)
   defining Unicode char U+04E6 (decimal 1254)
   defining Unicode char U+04E7 (decimal 1255)
   defining Unicode char U+04E8 (decimal 1256)
   defining Unicode char U+04E9 (decimal 1257)
   defining Unicode char U+04EC (decimal 1260)
   defining Unicode char U+04ED (decimal 1261)
   defining Unicode char U+04EE (decimal 1262)
   defining Unicode char U+04EF (decimal 1263)
   defining Unicode char U+04F0 (decimal 1264)
   defining Unicode char U+04F1 (decimal 1265)
   defining Unicode char U+04F2 (decimal 1266)
   defining Unicode char U+04F3 (decimal 1267)
   defining Unicode char U+04F4 (decimal 1268)
   defining Unicode char U+04F5 (decimal 1269)
   defining Unicode char U+04F8 (decimal 1272)
   defining Unicode char U+04F9 (decimal 1273)
   defining Unicode char U+200C (decimal 8204)
   defining Unicode char U+2013 (decimal 8211)
   defining Unicode char U+2014 (decimal 8212)
   defining Unicode char U+2018 (decimal 8216)
   defining Unicode char U+2019 (decimal 8217)
   defining Unicode char U+201C (decimal 8220)
   defining Unicode char U+201D (decimal 8221)
   defining Unicode char U+201E (decimal 8222)
   defining Unicode char U+2030 (decimal 8240)
   defining Unicode char U+2031 (decimal 8241)
   defining Unicode char U+2116 (decimal 8470)
   defining Unicode char U+2329 (decimal 9001)
   defining Unicode char U+232A (decimal 9002)
   defining Unicode char U+2423 (decimal 9251)
)
   defining Unicode char U+00A9 (decimal 169)
   defining Unicode char U+00AA (decimal 170)
   defining Unicode char U+00AE (decimal 174)
   defining Unicode char U+00BA (decimal 186)
   defining Unicode char U+02C6 (decimal 710)
   defining Unicode char U+02DC (decimal 732)
   defining Unicode char U+200C (decimal 8204)
   defining Unicode char U+2026 (decimal 8230)
   defining Unicode char U+2122 (decimal 8482)
   defining Unicode char U+2423 (decimal 9251)
))
(/usr/share/texlive/texmf-dist/tex/latex/hyperref/hyperref.sty
Package: hyperref 2018/02/06 v6.86b Hypertext links for LaTeX

(/usr/share/texlive/texmf-dist/tex/generic/oberdiek/hobsub-hyperref.sty
Package: hobsub-hyperref 2016/05/16 v1.14 Bundle oberdiek, subset hyperref (HO)


(/usr/share/texlive/texmf-dist/tex/generic/oberdiek/hobsub-generic.sty
Package: hobsub-generic 2016/05/16 v1.14 Bundle oberdiek, subset generic (HO)
Package: hobsub 2016/05/16 v1.14 Construct package bundles (HO)
Package: infwarerr 2016/05/16 v1.4 Providing info/warning/error messages (HO)
Package: ltxcmds 2016/05/16 v1.23 LaTeX kernel commands for general use (HO)
Package: ifluatex 2016/05/16 v1.4 Provides the ifluatex switch (HO)
Package ifluatex Info: LuaTeX not detected.
Package hobsub Info: Skipping package `ifvtex' (already loaded).
Package: intcalc 2016/05/16 v1.2 Expandable calculations with integers (HO)
Package hobsub Info: Skipping package `ifpdf' (already loaded).
Package: etexcmds 2016/05/16 v1.6 Avoid name clashes with e-TeX commands (HO)
Package etexcmds Info: Could not find \expanded.
(etexcmds)             That can mean that you are not using pdfTeX 1.50 or
(etexcmds)             that some package has redefined \expanded.
(etexcmds)             In the latter case, load this package earlier.
Package: kvsetkeys 2016/05/16 v1.17 Key value parser (HO)
Package: kvdefinekeys 2016/05/16 v1.4 Define keys (HO)
Package: pdftexcmds 2018/01/21 v0.26 Utility functions of pdfTeX for LuaTeX (HO
)
Package pdftexcmds Info: LuaTeX not detected.
Package pdftexcmds Info: \pdf@primitive is available.
Package pdftexcmds Info: \pdf@ifprimitive is available.
Package pdftexcmds Info: \pdfdraftmode found.
Package: pdfescape 2016/05/16 v1.14 Implements pdfTeX's escape features (HO)
Package: bigintcalc 2016/05/16 v1.4 Expandable calculations on big integers (HO
)
Package: bitset 2016/05/16 v1.2 Handle bit-vector datatype (HO)
Package: uniquecounter 2016/05/16 v1.3 Provide unlimited unique counter (HO)
)
Package hobsub Info: Skipping package `hobsub' (already loaded).
Package: letltxmacro 2016/05/16 v1.5 Let assignment for LaTeX macros (HO)
Package: hopatch 2016/05/16 v1.3 Wrapper for package hooks (HO)
Package: xcolor-patch 2016/05/16 xcolor patch
Package: atveryend 2016/05/16 v1.9 Hooks at the very end of document (HO)
Package atveryend Info: \enddocument detected (standard20110627).
Package: atbegshi 2016/06/09 v1.18 At begin shipout hook (HO)
Package: refcount 2016/05/16 v3.5 Data extraction from label references (HO)
Package: hycolor 2016/05/16 v1.8 Color options for hyperref/bookmark (HO)
)
(/usr/share/texlive/texmf-dist/tex/latex/oberdiek/auxhook.sty
Package: auxhook 2016/05/16 v1.4 Hooks for auxiliary files (HO)
)
(/usr/share/texlive/texmf-dist/tex/latex/oberdiek/kvoptions.sty
Package: kvoptions 2016/05/16 v3.12 Key value format for package options (HO)
)
\@linkdim=\dimen160
\Hy@linkcounter=\count121
\Hy@pagecounter=\count122

(/usr/share/texlive/texmf-dist/tex/latex/hyperref/pd1enc.def
File: pd1enc.def 2018/02/06 v6.86b Hyperref: PDFDocEncoding definition (HO)
Now handling font encoding PD1 ...
... no UTF-8 mapping file for font encoding PD1
)
\Hy@SavedSpaceFactor=\count123
Package hyperref Info: Option `unicode' set `true' on input line 3456.

(/usr/share/texlive/texmf-dist/tex/latex/hyperref/puenc.def
File: puenc.def 2018/02/06 v6.86b Hyperref: PDF Unicode definition (HO)
Now handling font encoding PU ...
... no UTF-8 mapping file for font encoding PU
)
(/usr/share/texlive/texmf-dist/tex/latex/latexconfig/hyperref.cfg
File: hyperref.cfg 2002/06/06 v1.2 hyperref configuration of TeXLive
)
Package hyperref Info: Hyper figures OFF on input line 4509.
Package hyperref Info: Link nesting OFF on input line 4514.
Package hyperref Info: Hyper index ON on input line 4517.
Package hyperref Info: Plain pages OFF on input line 4524.
Package hyperref Info: Backreferencing OFF on input line 4529.
Package hyperref Info: Implicit mode ON; LaTeX internals redefined.
Package hyperref Info: Bookmarks ON on input line 4762.
\c@Hy@tempcnt=\count124

(/usr/share/texlive/texmf-dist/tex/latex/url/url.sty
\Urlmuskip=\muskip11
Package: url 2013/09/16  ver 3.4  Verb mode for urls, etc.
)
LaTeX Info: Redefining \url on input line 5115.
\XeTeXLinkMargin=\dimen161
\Fld@menulength=\count125
\Field@Width=\dimen162
\Fld@charsize=\dimen163
Package hyperref Info: Hyper figures OFF on input line 6369.
Package hyperref Info: Link nesting OFF on input line 6374.
Package hyperref Info: Hyper index ON on input line 6377.
Package hyperref Info: backreferencing OFF on input line 6384.
Package hyperref Info: Link coloring OFF on input line 6389.
Package hyperref Info: Link coloring with OCG OFF on input line 6394.
Package hyperref Info: PDF/A mode OFF on input line 6399.
LaTeX Info: Redefining \ref on input line 6439.
LaTeX Info: Redefining \pageref on input line 6443.
\Hy@abspage=\count126
\c@Item=\count127
\c@Hfootnote=\count128
)
Package hyperref Info: Driver (autodetected): hpdftex.

(/usr/share/texlive/texmf-dist/tex/latex/hyperref/hpdftex.def
File: hpdftex.def 2018/02/06 v6.86b Hyperref driver for pdfTeX
\Fld@listcount=\count129
\c@bookmark@seq@number=\count130

(/usr/share/texlive/texmf-dist/tex/latex/oberdiek/rerunfilecheck.sty
Package: rerunfilecheck 2016/05/16 v1.8 Rerun checks for auxiliary files (HO)
Package uniquecounter Info: New unique counter `rerunfilecheck' on input line 2
82.
)
\Hy@SectionHShift=\skip61
)
(/usr/share/texlive/texmf-dist/tex/latex/xcolor/xcolor.sty
Package: xcolor 2016/05/11 v2.12 LaTeX color extensions (UK)

(/usr/share/texlive/texmf-dist/tex/latex/graphics-cfg/color.cfg
File: color.cfg 2016/01/02 v1.6 sample color configuration
)
Package xcolor Info: Package option `usernames' ignored on input line 216.
Package xcolor Info: Driver file: pdftex.def on input line 225.

(/usr/share/texlive/texmf-dist/tex/latex/colortbl/colortbl.sty
Package: colortbl 2012/02/13 v1.0a Color table columns (DPC)
\everycr=\toks34
\minrowclearance=\skip62
)
\rownum=\count131
Package xcolor Info: Model `cmy' substituted by `cmy0' on input line 1348.
Package xcolor Info: Model `hsb' substituted by `rgb' on input line 1352.
Package xcolor Info: Model `RGB' extended on input line 1364.
Package xcolor Info: Model `HTML' substituted by `rgb' on input line 1366.
Package xcolor Info: Model `Hsb' substituted by `hsb' on input line 1367.
Package xcolor Info: Model `tHsb' substituted by `hsb' on input line 1368.
Package xcolor Info: Model `HSB' substituted by `hsb' on input line 1369.
Package xcolor Info: Model `Gray' substituted by `gray' on input line 1370.
Package xcolor Info: Model `wave' substituted by `hsb' on input line 1371.

(/usr/share/texlive/texmf-dist/tex/latex/graphics/dvipsnam.def
File: dvipsnam.def 2016/06/17 v3.0m Driver-dependent file (DPC,SPQR)
)
(/usr/share/texlive/texmf-dist/tex/latex/xcolor/svgnam.def
File: svgnam.def 2016/05/11 v2.12 Predefined colors according to SVG 1.1 (UK)
))
(/usr/share/texlive/texmf-dist/tex/latex/enumitem/enumitem.sty
Package: enumitem 2011/09/28 v3.5.2 Customized lists
\labelindent=\skip63
\enit@outerparindent=\dimen164
\enit@toks=\toks35
\enit@inbox=\box33
\enitdp@description=\count132
)
(/usr/share/texlive/texmf-dist/tex/latex/tools/multicol.sty
Package: multicol 2017/04/11 v1.8q multicolumn formatting (FMi)
\c@tracingmulticols=\count133
\mult@box=\box34
\multicol@leftmargin=\dimen165
\c@unbalance=\count134
\c@collectmore=\count135
\doublecol@number=\count136
\multicoltolerance=\count137
\multicolpretolerance=\count138
\full@width=\dimen166
\page@free=\dimen167
\premulticols=\dimen168
\postmulticols=\dimen169
\multicolsep=\skip64
\multicolbaselineskip=\skip65
\partial@page=\box35
\last@line=\box36
\maxbalancingoverflow=\dimen170
\mult@rightbox=\box37
\mult@grightbox=\box38
\mult@gfirstbox=\box39
\mult@firstbox=\box40
\@tempa=\box41
\@tempa=\box42
\@tempa=\box43
\@tempa=\box44
\@tempa=\box45
\@tempa=\box46
\@tempa=\box47
\@tempa=\box48
\@tempa=\box49
\@tempa=\box50
\@tempa=\box51
\@tempa=\box52
\@tempa=\box53
\@tempa=\box54
\@tempa=\box55
\@tempa=\box56
\@tempa=\box57
\c@columnbadness=\count139
\c@finalcolumnbadness=\count140
\last@try=\dimen171
\multicolovershoot=\dimen172
\multicolundershoot=\dimen173
\mult@nat@firstbox=\box58
\colbreak@box=\box59
\mc@col@check@num=\count141
)
(/usr/share/texlive/texmf-dist/tex/latex/doublestroke/dsfont.sty
Package: dsfont 1995/08/01 v0.1 Double stroke roman fonts
)
Package hyperref Info: Option `unicode' set `true' on input line 71.
Package hyperref Info: Option `colorlinks' set `false' on input line 71.

(/usr/share/texlive/texmf-dist/tex/latex/sectsty/sectsty.sty
Package: sectsty 2002/02/25 v2.0.2 Commands to change all sectional heading sty
les
)
(/usr/share/texlive/texmf-dist/tex/latex/float/float.sty
Package: float 2001/11/08 v1.3d Float enhancements (AL)
\c@float@type=\count142
\float@exts=\toks36
\float@box=\box60
\@float@everytoks=\toks37
\@floatcapt=\box61
)
(/usr/share/texlive/texmf-dist/tex/latex/fancyhdr/fancyhdr.sty
Package: fancyhdr 2017/06/30 v3.9a Extensive control of page headers and footer
s
\f@nch@headwidth=\skip66
\f@nch@O@elh=\skip67
\f@nch@O@erh=\skip68
\f@nch@O@olh=\skip69
\f@nch@O@orh=\skip70
\f@nch@O@elf=\skip71
\f@nch@O@erf=\skip72
\f@nch@O@olf=\skip73
\f@nch@O@orf=\skip74
) (./report.aux

LaTeX Warning: Label `exp1' multiply defined.


LaTeX Warning: Label `exp1' multiply defined.


LaTeX Warning: Label `exp1' multiply defined.


LaTeX Warning: Label `exp1' multiply defined.


LaTeX Warning: Label `exp1' multiply defined.


LaTeX Warning: Label `exp1' multiply defined.


LaTeX Warning: Label `exp1' multiply defined.


LaTeX Warning: Label `exp5' multiply defined.

)
\openout1 = `report.aux'.

LaTeX Font Info:    Checking defaults for OML/cmm/m/it on input line 91.
LaTeX Font Info:    ... okay on input line 91.
LaTeX Font Info:    Checking defaults for T1/cmr/m/n on input line 91.
LaTeX Font Info:    ... okay on input line 91.
LaTeX Font Info:    Checking defaults for OT1/cmr/m/n on input line 91.
LaTeX Font Info:    ... okay on input line 91.
LaTeX Font Info:    Checking defaults for OMS/cmsy/m/n on input line 91.
LaTeX Font Info:    ... okay on input line 91.
LaTeX Font Info:    Checking defaults for OMX/cmex/m/n on input line 91.
LaTeX Font Info:    ... okay on input line 91.
LaTeX Font Info:    Checking defaults for U/cmr/m/n on input line 91.
LaTeX Font Info:    ... okay on input line 91.
LaTeX Font Info:    Checking defaults for T2A/cmr/m/n on input line 91.
LaTeX Font Info:    ... okay on input line 91.
LaTeX Font Info:    Checking defaults for PD1/pdf/m/n on input line 91.
LaTeX Font Info:    ... okay on input line 91.
LaTeX Font Info:    Checking defaults for PU/pdf/m/n on input line 91.
LaTeX Font Info:    ... okay on input line 91.

*geometry* driver: auto-detecting
*geometry* detected driver: pdftex
*geometry* verbose mode - [ preamble ] result:
* driver: pdftex
* paper: a4paper
* layout: <same size as paper>
* layoutoffset:(h,v)=(0.0pt,0.0pt)
* modes: 
* h-part:(L,W,R)=(56.9055pt, 512.14963pt, 28.45274pt)
* v-part:(T,H,B)=(28.45274pt, 745.46222pt, 71.13188pt)
* \paperwidth=597.50787pt
* \paperheight=845.04684pt
* \textwidth=512.14963pt
* \textheight=745.46222pt
* \oddsidemargin=-15.36449pt
* \evensidemargin=-15.36449pt
* \topmargin=-43.81725pt
* \headheight=0.0pt
* \headsep=0.0pt
* \topskip=11.0pt
* \footskip=19.91692pt
* \marginparwidth=50.0pt
* \marginparsep=10.0pt
* \columnsep=10.0pt
* \skip\footins=10.0pt plus 4.0pt minus 2.0pt
* \hoffset=0.0pt
* \voffset=0.0pt
* \mag=1000
* \@twocolumnfalse
* \@twosidefalse
* \@mparswitchfalse
* \@reversemarginfalse
* (1in=72.27pt=25.4mm, 1cm=28.453pt)

(/usr/share/texlive/texmf-dist/tex/context/base/mkii/supp-pdf.mkii
[Loading MPS to PDF converter (version 2006.09.02).]
\scratchcounter=\count143
\scratchdimen=\dimen174
\scratchbox=\box62
\nofMPsegments=\count144
\nofMParguments=\count145
\everyMPshowfont=\toks38
\MPscratchCnt=\count146
\MPscratchDim=\dimen175
\MPnumerator=\count147
\makeMPintoPDFobject=\count148
\everyMPtoPDFconversion=\toks39
) (/usr/share/texlive/texmf-dist/tex/latex/oberdiek/epstopdf-base.sty
Package: epstopdf-base 2016/05/15 v2.6 Base part for package epstopdf

(/usr/share/texlive/texmf-dist/tex/latex/oberdiek/grfext.sty
Package: grfext 2016/05/16 v1.2 Manage graphics extensions (HO)
)
Package epstopdf-base Info: Redefining graphics rule for `.eps' on input line 4
38.
Package grfext Info: Graphics extension search list:
(grfext)             [.pdf,.png,.jpg,.mps,.jpeg,.jbig2,.jb2,.PDF,.PNG,.JPG,.JPE
G,.JBIG2,.JB2,.eps]
(grfext)             \AppendGraphicsExtensions on input line 456.

(/usr/share/texlive/texmf-dist/tex/latex/latexconfig/epstopdf-sys.cfg
File: epstopdf-sys.cfg 2010/07/13 v1.3 Configuration of (r)epstopdf for TeX Liv
e
))
\AtBeginShipoutBox=\box63
Package hyperref Info: Link coloring OFF on input line 91.

(/usr/share/texlive/texmf-dist/tex/latex/hyperref/nameref.sty
Package: nameref 2016/05/21 v2.44 Cross-referencing by name of section

(/usr/share/texlive/texmf-dist/tex/generic/oberdiek/gettitlestring.sty
Package: gettitlestring 2016/05/16 v1.5 Cleanup title references (HO)
)
\c@section@level=\count149
)
LaTeX Info: Redefining \ref on input line 91.
LaTeX Info: Redefining \pageref on input line 91.
LaTeX Info: Redefining \nameref on input line 91.

(./report.out) (./report.out)
\@outlinefile=\write3
\openout3 = `report.out'.

 (./report.toc<<ot1.cmap>><<oml.cmap>><<oms.cmap>><<omx.cmap>>
LaTeX Font Info:    Try loading font information for U+msa on input line 5.
 (/usr/share/texlive/texmf-dist/tex/latex/amsfonts/umsa.fd
File: umsa.fd 2013/01/14 v3.01 AMS symbols A
)
LaTeX Font Info:    Try loading font information for U+msb on input line 5.

(/usr/share/texlive/texmf-dist/tex/latex/amsfonts/umsb.fd
File: umsb.fd 2013/01/14 v3.01 AMS symbols B
)
LaTeX Font Info:    Try loading font information for OML+cmr on input line 5.

(/usr/share/texlive/texmf-dist/tex/latex/base/omlcmr.fd
File: omlcmr.fd 2014/09/29 v2.5h Standard LaTeX font definitions
)
LaTeX Font Info:    Font shape `OML/cmr/m/n' in size <10.95> not available
(Font)              Font shape `OML/cmm/m/it' tried instead on input line 5.
LaTeX Font Info:    Font shape `OML/cmr/m/n' in size <8> not available
(Font)              Font shape `OML/cmm/m/it' tried instead on input line 5.
LaTeX Font Info:    Font shape `OML/cmr/m/n' in size <6> not available
(Font)              Font shape `OML/cmm/m/it' tried instead on input line 5.
LaTeX Font Info:    Try loading font information for OMS+cmr on input line 5.

(/usr/share/texlive/texmf-dist/tex/latex/base/omscmr.fd
File: omscmr.fd 2014/09/29 v2.5h Standard LaTeX font definitions
)
LaTeX Font Info:    Font shape `OMS/cmr/m/n' in size <10.95> not available
(Font)              Font shape `OMS/cmsy/m/n' tried instead on input line 5.
LaTeX Font Info:    Font shape `OMS/cmr/m/n' in size <8> not available
(Font)              Font shape `OMS/cmsy/m/n' tried instead on input line 5.
LaTeX Font Info:    Font shape `OMS/cmr/m/n' in size <6> not available
(Font)              Font shape `OMS/cmsy/m/n' tried instead on input line 5.
LaTeX Font Info:    Try loading font information for U+rsfs on input line 5.

(/usr/share/texlive/texmf-dist/tex/latex/jknapltx/ursfs.fd
File: ursfs.fd 1998/03/24 rsfs font definition file (jk)
))
\tf@toc=\write4
\openout4 = `report.toc'.

Package babel Info: Redefining russian shorthand "|
(babel)             in language  on input line 99.
Package babel Info: Redefining russian shorthand "~
(babel)             in language  on input line 99.
Package babel Info: Redefining russian shorthand "|
(babel)             in language  on input line 99.
Package babel Info: Redefining russian shorthand "~
(babel)             in language  on input line 99.
 [1

{/var/lib/texmf/fonts/map/pdftex/updmap/pdftex.map}]
Package babel Info: Redefining russian shorthand "|
(babel)             in language  on input line 100.
Package babel Info: Redefining russian shorthand "~
(babel)             in language  on input line 100.
Package babel Info: Redefining russian shorthand "|
(babel)             in language  on input line 105.
Package babel Info: Redefining russian shorthand "~
(babel)             in language  on input line 105.
Package babel Info: Redefining russian shorthand "|
(babel)             in language  on input line 107.
Package babel Info: Redefining russian shorthand "~
(babel)             in language  on input line 107.
Package babel Info: Redefining russian shorthand "|
(babel)             in language  on input line 118.
Package babel Info: Redefining russian shorthand "~
(babel)             in language  on input line 118.
Package babel Info: Redefining russian shorthand "|
(babel)             in language  on input line 124.
Package babel Info: Redefining russian shorthand "~
(babel)             in language  on input line 124.
<../graphs/exp1_func_GD_alpha_time_beta=0,001.pdf, id=119, 1084.05pt x 505.89pt
>
File: ../graphs/exp1_func_GD_alpha_time_beta=0,001.pdf Graphic file (type pdf)
<use ../graphs/exp1_func_GD_alpha_time_beta=0,001.pdf>
Package pdftex.def Info: ../graphs/exp1_func_GD_alpha_time_beta=0,001.pdf  used
 on input line 139.
(pdftex.def)             Requested size: 256.07509pt x 186.36584pt.

Overfull \hbox (5.00027pt too wide) in paragraph at lines 139--140
 [] 
 []

<../graphs/exp1_accuracy_GD_alpha_time_beta=0,001.pdf, id=120, 1084.05pt x 505.
89pt>
File: ../graphs/exp1_accuracy_GD_alpha_time_beta=0,001.pdf Graphic file (type p
df)
<use ../graphs/exp1_accuracy_GD_alpha_time_beta=0,001.pdf>
Package pdftex.def Info: ../graphs/exp1_accuracy_GD_alpha_time_beta=0,001.pdf  
used on input line 142.
(pdftex.def)             Requested size: 256.07509pt x 186.36584pt.

Overfull \hbox (5.00027pt too wide) in paragraph at lines 142--143
 [][] 
 []

<../graphs/exp1_func_GD_alpha_iteration_beta=0,001.pdf, id=121, 1084.05pt x 505
.89pt>
File: ../graphs/exp1_func_GD_alpha_iteration_beta=0,001.pdf Graphic file (type 
pdf)
<use ../graphs/exp1_func_GD_alpha_iteration_beta=0,001.pdf>
Package pdftex.def Info: ../graphs/exp1_func_GD_alpha_iteration_beta=0,001.pdf 
 used on input line 145.
(pdftex.def)             Requested size: 256.07509pt x 186.36584pt.

Overfull \hbox (5.00027pt too wide) in paragraph at lines 145--146
 [][] 
 []

<../graphs/exp1_accuracy_GD_alpha_iteration_beta=0,001.pdf, id=122, 1084.05pt x
 505.89pt>
File: ../graphs/exp1_accuracy_GD_alpha_iteration_beta=0,001.pdf Graphic file (t
ype pdf)
<use ../graphs/exp1_accuracy_GD_alpha_iteration_beta=0,001.pdf>
Package pdftex.def Info: ../graphs/exp1_accuracy_GD_alpha_iteration_beta=0,001.
pdf  used on input line 148.
(pdftex.def)             Requested size: 256.07509pt x 186.36584pt.

Overfull \hbox (5.00027pt too wide) in paragraph at lines 148--149
 [][] 
 []

Package babel Info: Redefining russian shorthand "|
(babel)             in language  on input line 152.
Package babel Info: Redefining russian shorthand "~
(babel)             in language  on input line 152.
Package babel Info: Redefining russian shorthand "|
(babel)             in language  on input line 152.
Package babel Info: Redefining russian shorthand "~
(babel)             in language  on input line 152.
[2]
Package babel Info: Redefining russian shorthand "|
(babel)             in language  on input line 153.
Package babel Info: Redefining russian shorthand "~
(babel)             in language  on input line 153.
<../graphs/exp2_func_GD_beta_time_alpha=1.pdf, id=147, 1084.05pt x 505.89pt>
File: ../graphs/exp2_func_GD_beta_time_alpha=1.pdf Graphic file (type pdf)
<use ../graphs/exp2_func_GD_beta_time_alpha=1.pdf>
Package pdftex.def Info: ../graphs/exp2_func_GD_beta_time_alpha=1.pdf  used on 
input line 162.
(pdftex.def)             Requested size: 256.07509pt x 186.36584pt.

Overfull \hbox (5.00027pt too wide) in paragraph at lines 162--163
 [] 
 []

<../graphs/exp2_accuracy_GD_beta_iteration_alpha=1.pdf, id=148, 1084.05pt x 505
.89pt>
File: ../graphs/exp2_accuracy_GD_beta_iteration_alpha=1.pdf Graphic file (type 
pdf)
<use ../graphs/exp2_accuracy_GD_beta_iteration_alpha=1.pdf>
Package pdftex.def Info: ../graphs/exp2_accuracy_GD_beta_iteration_alpha=1.pdf 
 used on input line 165.
(pdftex.def)             Requested size: 256.07509pt x 186.36584pt.

Overfull \hbox (5.00027pt too wide) in paragraph at lines 165--166
 [][] 
 []

<../graphs/exp2_func_GD_beta_iteration_alpha=1.pdf, id=149, 1084.05pt x 505.89p
t>
File: ../graphs/exp2_func_GD_beta_iteration_alpha=1.pdf Graphic file (type pdf)

<use ../graphs/exp2_func_GD_beta_iteration_alpha=1.pdf>
Package pdftex.def Info: ../graphs/exp2_func_GD_beta_iteration_alpha=1.pdf  use
d on input line 168.
(pdftex.def)             Requested size: 256.07509pt x 186.36584pt.

Overfull \hbox (5.00027pt too wide) in paragraph at lines 168--169
 [][] 
 []

File: ../graphs/exp2_accuracy_GD_beta_iteration_alpha=1.pdf Graphic file (type 
pdf)
<use ../graphs/exp2_accuracy_GD_beta_iteration_alpha=1.pdf>
Package pdftex.def Info: ../graphs/exp2_accuracy_GD_beta_iteration_alpha=1.pdf 
 used on input line 171.
(pdftex.def)             Requested size: 256.07509pt x 186.36584pt.

Overfull \hbox (5.00027pt too wide) in paragraph at lines 171--172
 [][] 
 []

Package babel Info: Redefining russian shorthand "|
(babel)             in language  on input line 175.
Package babel Info: Redefining russian shorthand "~
(babel)             in language  on input line 175.
Package babel Info: Redefining russian shorthand "|
(babel)             in language  on input line 175.
Package babel Info: Redefining russian shorthand "~
(babel)             in language  on input line 175.
[3pdfTeX warning (ext4): destination with the same identifier (name{figure.1}) 
has been already used, duplicate ignored

\AtBegShi@Output ...ipout \box \AtBeginShipoutBox 
                                                  \fi \fi 
l.175             
                       ,  ...
pdfTeX warning (ext4): destination with the same identifier (name{figure.2}) ha
s been already used, duplicate ignored

\AtBegShi@Output ...ipout \box \AtBeginShipoutBox 
                                                  \fi \fi 
l.175             
                       ,  ...
pdfTeX warning (ext4): destination with the same identifier (name{figure.3}) ha
s been already used, duplicate ignored

\AtBegShi@Output ...ipout \box \AtBeginShipoutBox 
                                                  \fi \fi 
l.175             
                       ,  ...
pdfTeX warning (ext4): destination with the same identifier (name{figure.4}) ha
s been already used, duplicate ignored

\AtBegShi@Output ...ipout \box \AtBeginShipoutBox 
                                                  \fi \fi 
l.175             
                       ,  ...
 <../graphs/exp1_func_GD_alpha_time_beta=0,001.pdf> <../graphs/exp1_accuracy_GD
_alpha_time_beta=0,001.pdf

pdfTeX warning: /usr/bin/pdflatex (file ../graphs/exp1_accuracy_GD_alpha_time_b
eta=0,001.pdf): PDF inclusion: multiple pdfs with page group included in a sing
le page
> <../graphs/exp1_func_GD_alpha_iteration_beta=0,001.pdf

pdfTeX warning: /usr/bin/pdflatex (file ../graphs/exp1_func_GD_alpha_iteration_
beta=0,001.pdf): PDF inclusion: multiple pdfs with page group included in a sin
gle page
> <../graphs/exp1_accuracy_GD_alpha_iteration_beta=0,001.pdf

pdfTeX warning: /usr/bin/pdflatex (file ../graphs/exp1_accuracy_GD_alpha_iterat
ion_beta=0,001.pdf): PDF inclusion: multiple pdfs with page group included in a
 single page
>]
LaTeX Font Info:    Font shape `OML/cmr/m/n' in size <14.4> not available
(Font)              Font shape `OML/cmm/m/it' tried instead on input line 177.
LaTeX Font Info:    Font shape `OML/cmr/m/n' in size <10> not available
(Font)              Font shape `OML/cmm/m/it' tried instead on input line 177.
LaTeX Font Info:    Font shape `OML/cmr/m/n' in size <7> not available
(Font)              Font shape `OML/cmm/m/it' tried instead on input line 177.
LaTeX Font Info:    Font shape `OMS/cmr/m/n' in size <14.4> not available
(Font)              Font shape `OMS/cmsy/m/n' tried instead on input line 177.
LaTeX Font Info:    Font shape `OMS/cmr/m/n' in size <10> not available
(Font)              Font shape `OMS/cmsy/m/n' tried instead on input line 177.
LaTeX Font Info:    Font shape `OMS/cmr/m/n' in size <7> not available
(Font)              Font shape `OMS/cmsy/m/n' tried instead on input line 177.
Package babel Info: Redefining russian shorthand "|
(babel)             in language  on input line 177.
Package babel Info: Redefining russian shorthand "~
(babel)             in language  on input line 177.


Package hyperref Warning: Token not allowed in a PDF string (Unicode):
(hyperref)                removing `math shift' on input line 177.


Package hyperref Warning: Token not allowed in a PDF string (Unicode):
(hyperref)                removing `subscript' on input line 177.


Package hyperref Warning: Token not allowed in a PDF string (Unicode):
(hyperref)                removing `math shift' on input line 177.

File: ../graphs/exp1_func_GD_alpha_time_beta=0,001.pdf Graphic file (type pdf)
<use ../graphs/exp1_func_GD_alpha_time_beta=0,001.pdf>
Package pdftex.def Info: ../graphs/exp1_func_GD_alpha_time_beta=0,001.pdf  used
 on input line 193.
(pdftex.def)             Requested size: 256.07509pt x 186.36584pt.

Overfull \hbox (5.00027pt too wide) in paragraph at lines 193--194
 [] 
 []

File: ../graphs/exp1_accuracy_GD_alpha_time_beta=0,001.pdf Graphic file (type p
df)
<use ../graphs/exp1_accuracy_GD_alpha_time_beta=0,001.pdf>
Package pdftex.def Info: ../graphs/exp1_accuracy_GD_alpha_time_beta=0,001.pdf  
used on input line 196.
(pdftex.def)             Requested size: 256.07509pt x 186.36584pt.

Overfull \hbox (5.00027pt too wide) in paragraph at lines 196--197
 [][] 
 []

File: ../graphs/exp1_func_GD_alpha_time_beta=0,001.pdf Graphic file (type pdf)
<use ../graphs/exp1_func_GD_alpha_time_beta=0,001.pdf>
Package pdftex.def Info: ../graphs/exp1_func_GD_alpha_time_beta=0,001.pdf  used
 on input line 199.
(pdftex.def)             Requested size: 256.07509pt x 186.36584pt.

Overfull \hbox (5.00027pt too wide) in paragraph at lines 199--200
 [][] 
 []

File: ../graphs/exp1_accuracy_GD_alpha_time_beta=0,001.pdf Graphic file (type p
df)
<use ../graphs/exp1_accuracy_GD_alpha_time_beta=0,001.pdf>
Package pdftex.def Info: ../graphs/exp1_accuracy_GD_alpha_time_beta=0,001.pdf  
used on input line 202.
(pdftex.def)             Requested size: 256.07509pt x 186.36584pt.

Overfull \hbox (5.00027pt too wide) in paragraph at lines 202--203
 [][] 
 []

Package babel Info: Redefining russian shorthand "|
(babel)             in language  on input line 206.
Package babel Info: Redefining russian shorthand "~
(babel)             in language  on input line 206.
Package babel Info: Redefining russian shorthand "|
(babel)             in language  on input line 206.
Package babel Info: Redefining russian shorthand "~
(babel)             in language  on input line 206.
[4pdfTeX warning (ext4): destination with the same identifier (name{figure.5}) 
has been already used, duplicate ignored

\AtBegShi@Output ...ipout \box \AtBeginShipoutBox 
                                                  \fi \fi 
l.206 
      pdfTeX warning (ext4): destination with the same identifier (name{figure.
6}) has been already used, duplicate ignored

\AtBegShi@Output ...ipout \box \AtBeginShipoutBox 
                                                  \fi \fi 
l.206 
      pdfTeX warning (ext4): destination with the same identifier (name{figure.
7}) has been already used, duplicate ignored

\AtBegShi@Output ...ipout \box \AtBeginShipoutBox 
                                                  \fi \fi 
l.206 
      pdfTeX warning (ext4): destination with the same identifier (name{figure.
8}) has been already used, duplicate ignored

\AtBegShi@Output ...ipout \box \AtBeginShipoutBox 
                                                  \fi \fi 
l.206 
       <../graphs/exp2_func_GD_beta_time_alpha=1.pdf> <../graphs/exp2_accuracy_
GD_beta_iteration_alpha=1.pdf

pdfTeX warning: /usr/bin/pdflatex (file ../graphs/exp2_accuracy_GD_beta_iterati
on_alpha=1.pdf): PDF inclusion: multiple pdfs with page group included in a sin
gle page
> <../graphs/exp2_func_GD_beta_iteration_alpha=1.pdf

pdfTeX warning: /usr/bin/pdflatex (file ../graphs/exp2_func_GD_beta_iteration_a
lpha=1.pdf): PDF inclusion: multiple pdfs with page group included in a single 
page
>]
Package babel Info: Redefining russian shorthand "|
(babel)             in language  on input line 208.
Package babel Info: Redefining russian shorthand "~
(babel)             in language  on input line 208.
Package babel Info: Redefining russian shorthand "|
(babel)             in language  on input line 214.
Package babel Info: Redefining russian shorthand "~
(babel)             in language  on input line 214.
Package babel Info: Redefining russian shorthand "|
(babel)             in language  on input line 219.
Package babel Info: Redefining russian shorthand "~
(babel)             in language  on input line 219.
Package babel Info: Redefining russian shorthand "|
(babel)             in language  on input line 219.
Package babel Info: Redefining russian shorthand "~
(babel)             in language  on input line 219.
 [5pdfTeX warning (ext4): destination with the same identifier (name{figure.9})
 has been already used, duplicate ignored

\AtBegShi@Output ...ipout \box \AtBeginShipoutBox 
                                                  \fi \fi 
l.219                 \item 
                               (accurac...
pdfTeX warning (ext4): destination with the same identifier (name{figure.10}) h
as been already used, duplicate ignored

\AtBegShi@Output ...ipout \box \AtBeginShipoutBox 
                                                  \fi \fi 
l.219                 \item 
                               (accurac...
pdfTeX warning (ext4): destination with the same identifier (name{figure.11}) h
as been already used, duplicate ignored

\AtBegShi@Output ...ipout \box \AtBeginShipoutBox 
                                                  \fi \fi 
l.219                 \item 
                               (accurac...
pdfTeX warning (ext4): destination with the same identifier (name{figure.12}) h
as been already used, duplicate ignored

\AtBegShi@Output ...ipout \box \AtBeginShipoutBox 
                                                  \fi \fi 
l.219                 \item 
                               (accurac...
]
<../graphs/exp1_func_SGD_alpha_time_beta=0,001_bs=4096.pdf, id=390, 1084.05pt x
 505.89pt>
File: ../graphs/exp1_func_SGD_alpha_time_beta=0,001_bs=4096.pdf Graphic file (t
ype pdf)
<use ../graphs/exp1_func_SGD_alpha_time_beta=0,001_bs=4096.pdf>
Package pdftex.def Info: ../graphs/exp1_func_SGD_alpha_time_beta=0,001_bs=4096.
pdf  used on input line 229.
(pdftex.def)             Requested size: 256.07509pt x 186.36584pt.

Overfull \hbox (5.00027pt too wide) in paragraph at lines 229--230
 [] 
 []

<../graphs/exp1_accuracy_SGD_alpha_time_beta=0,001_bs=4096.pdf, id=391, 1084.05
pt x 505.89pt>
File: ../graphs/exp1_accuracy_SGD_alpha_time_beta=0,001_bs=4096.pdf Graphic fil
e (type pdf)
<use ../graphs/exp1_accuracy_SGD_alpha_time_beta=0,001_bs=4096.pdf>
Package pdftex.def Info: ../graphs/exp1_accuracy_SGD_alpha_time_beta=0,001_bs=4
096.pdf  used on input line 232.
(pdftex.def)             Requested size: 256.07509pt x 186.36584pt.

Overfull \hbox (5.00027pt too wide) in paragraph at lines 232--233
 [][] 
 []

<../graphs/exp1_func_SGD_alpha_epoch_num_beta=0,001_bs=4096.pdf, id=392, 1084.0
5pt x 505.89pt>
File: ../graphs/exp1_func_SGD_alpha_epoch_num_beta=0,001_bs=4096.pdf Graphic fi
le (type pdf)
<use ../graphs/exp1_func_SGD_alpha_epoch_num_beta=0,001_bs=4096.pdf>
Package pdftex.def Info: ../graphs/exp1_func_SGD_alpha_epoch_num_beta=0,001_bs=
4096.pdf  used on input line 235.
(pdftex.def)             Requested size: 256.07509pt x 186.36584pt.

Overfull \hbox (5.00027pt too wide) in paragraph at lines 235--236
 [][] 
 []

<../graphs/exp1_accuracy_SGD_alpha_epoch_num_beta=0,001_bs=4096.pdf, id=393, 10
84.05pt x 505.89pt>
File: ../graphs/exp1_accuracy_SGD_alpha_epoch_num_beta=0,001_bs=4096.pdf Graphi
c file (type pdf)
<use ../graphs/exp1_accuracy_SGD_alpha_epoch_num_beta=0,001_bs=4096.pdf>
Package pdftex.def Info: ../graphs/exp1_accuracy_SGD_alpha_epoch_num_beta=0,001
_bs=4096.pdf  used on input line 238.
(pdftex.def)             Requested size: 256.07509pt x 186.36584pt.

Overfull \hbox (5.00027pt too wide) in paragraph at lines 238--239
 [][] 
 []

Package babel Info: Redefining russian shorthand "|
(babel)             in language  on input line 244.
Package babel Info: Redefining russian shorthand "~
(babel)             in language  on input line 244.
<../graphs/exp2_func_SGD_beta_time_alpha=1_bs=4096.pdf, id=400, 1084.05pt x 505
.89pt>
File: ../graphs/exp2_func_SGD_beta_time_alpha=1_bs=4096.pdf Graphic file (type 
pdf)
<use ../graphs/exp2_func_SGD_beta_time_alpha=1_bs=4096.pdf>
Package pdftex.def Info: ../graphs/exp2_func_SGD_beta_time_alpha=1_bs=4096.pdf 
 used on input line 253.
(pdftex.def)             Requested size: 256.07509pt x 186.36584pt.

Overfull \hbox (5.00027pt too wide) in paragraph at lines 253--254
 [] 
 []

<../graphs/exp2_accuracy_SGD_beta_time_alpha=1_bs=4096.pdf, id=401, 1084.05pt x
 505.89pt>
File: ../graphs/exp2_accuracy_SGD_beta_time_alpha=1_bs=4096.pdf Graphic file (t
ype pdf)
<use ../graphs/exp2_accuracy_SGD_beta_time_alpha=1_bs=4096.pdf>
Package pdftex.def Info: ../graphs/exp2_accuracy_SGD_beta_time_alpha=1_bs=4096.
pdf  used on input line 256.
(pdftex.def)             Requested size: 256.07509pt x 186.36584pt.

Overfull \hbox (5.00027pt too wide) in paragraph at lines 256--257
 [][] 
 []

<../graphs/exp2_func_SGD_beta_epoch_num_alpha=1_bs=4096.pdf, id=402, 1084.05pt 
x 505.89pt>
File: ../graphs/exp2_func_SGD_beta_epoch_num_alpha=1_bs=4096.pdf Graphic file (
type pdf)
<use ../graphs/exp2_func_SGD_beta_epoch_num_alpha=1_bs=4096.pdf>
Package pdftex.def Info: ../graphs/exp2_func_SGD_beta_epoch_num_alpha=1_bs=4096
.pdf  used on input line 259.
(pdftex.def)             Requested size: 256.07509pt x 186.36584pt.

Overfull \hbox (5.00027pt too wide) in paragraph at lines 259--260
 [][] 
 []

<../graphs/exp2_accuracy_SGD_beta_epoch_num_alpha=1_bs=4096.pdf, id=403, 1084.0
5pt x 505.89pt>
File: ../graphs/exp2_accuracy_SGD_beta_epoch_num_alpha=1_bs=4096.pdf Graphic fi
le (type pdf)
<use ../graphs/exp2_accuracy_SGD_beta_epoch_num_alpha=1_bs=4096.pdf>
Package pdftex.def Info: ../graphs/exp2_accuracy_SGD_beta_epoch_num_alpha=1_bs=
4096.pdf  used on input line 262.
(pdftex.def)             Requested size: 256.07509pt x 186.36584pt.

Overfull \hbox (5.00027pt too wide) in paragraph at lines 262--263
 [][] 
 []

Package babel Info: Redefining russian shorthand "|
(babel)             in language  on input line 266.
Package babel Info: Redefining russian shorthand "~
(babel)             in language  on input line 266.
Package babel Info: Redefining russian shorthand "|
(babel)             in language  on input line 266.
Package babel Info: Redefining russian shorthand "~
(babel)             in language  on input line 266.
[6pdfTeX warning (ext4): destination with the same identifier (name{figure.13})
 has been already used, duplicate ignored

\AtBegShi@Output ...ipout \box \AtBeginShipoutBox 
                                                  \fi \fi 
l.266 
      pdfTeX warning (ext4): destination with the same identifier (name{figure.
14}) has been already used, duplicate ignored

\AtBegShi@Output ...ipout \box \AtBeginShipoutBox 
                                                  \fi \fi 
l.266 
      pdfTeX warning (ext4): destination with the same identifier (name{figure.
15}) has been already used, duplicate ignored

\AtBegShi@Output ...ipout \box \AtBeginShipoutBox 
                                                  \fi \fi 
l.266 
      pdfTeX warning (ext4): destination with the same identifier (name{figure.
16}) has been already used, duplicate ignored

\AtBegShi@Output ...ipout \box \AtBeginShipoutBox 
                                                  \fi \fi 
l.266 
       <../graphs/exp1_func_SGD_alpha_time_beta=0,001_bs=4096.pdf> <../graphs/e
xp1_accuracy_SGD_alpha_time_beta=0,001_bs=4096.pdf

pdfTeX warning: /usr/bin/pdflatex (file ../graphs/exp1_accuracy_SGD_alpha_time_
beta=0,001_bs=4096.pdf): PDF inclusion: multiple pdfs with page group included 
in a single page
> <../graphs/exp1_func_SGD_alpha_epoch_num_beta=0,001_bs=4096.pdf

pdfTeX warning: /usr/bin/pdflatex (file ../graphs/exp1_func_SGD_alpha_epoch_num
_beta=0,001_bs=4096.pdf): PDF inclusion: multiple pdfs with page group included
 in a single page
> <../graphs/exp1_accuracy_SGD_alpha_epoch_num_beta=0,001_bs=4096.pdf

pdfTeX warning: /usr/bin/pdflatex (file ../graphs/exp1_accuracy_SGD_alpha_epoch
_num_beta=0,001_bs=4096.pdf): PDF inclusion: multiple pdfs with page group incl
uded in a single page
>]
Package babel Info: Redefining russian shorthand "|
(babel)             in language  on input line 269.
Package babel Info: Redefining russian shorthand "~
(babel)             in language  on input line 269.
<../graphs/exp3_func_SGD_bs_time_alpha=1_beta=0,01.pdf, id=539, 1084.05pt x 505
.89pt>
File: ../graphs/exp3_func_SGD_bs_time_alpha=1_beta=0,01.pdf Graphic file (type 
pdf)
<use ../graphs/exp3_func_SGD_bs_time_alpha=1_beta=0,01.pdf>
Package pdftex.def Info: ../graphs/exp3_func_SGD_bs_time_alpha=1_beta=0,01.pdf 
 used on input line 277.
(pdftex.def)             Requested size: 256.07509pt x 186.36584pt.

Overfull \hbox (5.00027pt too wide) in paragraph at lines 277--278
 [] 
 []

<../graphs/exp3_accuracy_SGD_bs_time_alpha=1_beta=0,01.pdf, id=540, 1084.05pt x
 505.89pt>
File: ../graphs/exp3_accuracy_SGD_bs_time_alpha=1_beta=0,01.pdf Graphic file (t
ype pdf)
<use ../graphs/exp3_accuracy_SGD_bs_time_alpha=1_beta=0,01.pdf>
Package pdftex.def Info: ../graphs/exp3_accuracy_SGD_bs_time_alpha=1_beta=0,01.
pdf  used on input line 280.
(pdftex.def)             Requested size: 256.07509pt x 186.36584pt.

Overfull \hbox (5.00027pt too wide) in paragraph at lines 280--281
 [][] 
 []

<../graphs/exp3_func_SGD_bs_epoch_num_alpha=1_beta=0,01.pdf, id=541, 1084.05pt 
x 505.89pt>
File: ../graphs/exp3_func_SGD_bs_epoch_num_alpha=1_beta=0,01.pdf Graphic file (
type pdf)
<use ../graphs/exp3_func_SGD_bs_epoch_num_alpha=1_beta=0,01.pdf>
Package pdftex.def Info: ../graphs/exp3_func_SGD_bs_epoch_num_alpha=1_beta=0,01
.pdf  used on input line 283.
(pdftex.def)             Requested size: 256.07509pt x 186.36584pt.

Overfull \hbox (5.00027pt too wide) in paragraph at lines 283--284
 [][] 
 []

<../graphs/exp3_accuracy_SGD_bs_epoch_num_alpha=1_beta=0,01.pdf, id=542, 1084.0
5pt x 505.89pt>
File: ../graphs/exp3_accuracy_SGD_bs_epoch_num_alpha=1_beta=0,01.pdf Graphic fi
le (type pdf)
<use ../graphs/exp3_accuracy_SGD_bs_epoch_num_alpha=1_beta=0,01.pdf>
Package pdftex.def Info: ../graphs/exp3_accuracy_SGD_bs_epoch_num_alpha=1_beta=
0,01.pdf  used on input line 286.
(pdftex.def)             Requested size: 256.07509pt x 186.36584pt.

Overfull \hbox (5.00027pt too wide) in paragraph at lines 286--287
 [][] 
 []

Package babel Info: Redefining russian shorthand "|
(babel)             in language  on input line 290.
Package babel Info: Redefining russian shorthand "~
(babel)             in language  on input line 290.
Package babel Info: Redefining russian shorthand "|
(babel)             in language  on input line 290.
Package babel Info: Redefining russian shorthand "~
(babel)             in language  on input line 290.
[7pdfTeX warning (ext4): destination with the same identifier (name{figure.17})
 has been already used, duplicate ignored

\AtBegShi@Output ...ipout \box \AtBeginShipoutBox 
                                                  \fi \fi 
l.290 
      pdfTeX warning (ext4): destination with the same identifier (name{figure.
18}) has been already used, duplicate ignored

\AtBegShi@Output ...ipout \box \AtBeginShipoutBox 
                                                  \fi \fi 
l.290 
      pdfTeX warning (ext4): destination with the same identifier (name{figure.
19}) has been already used, duplicate ignored

\AtBegShi@Output ...ipout \box \AtBeginShipoutBox 
                                                  \fi \fi 
l.290 
      pdfTeX warning (ext4): destination with the same identifier (name{figure.
20}) has been already used, duplicate ignored

\AtBegShi@Output ...ipout \box \AtBeginShipoutBox 
                                                  \fi \fi 
l.290 
       <../graphs/exp2_func_SGD_beta_time_alpha=1_bs=4096.pdf> <../graphs/exp2_
accuracy_SGD_beta_time_alpha=1_bs=4096.pdf

pdfTeX warning: /usr/bin/pdflatex (file ../graphs/exp2_accuracy_SGD_beta_time_a
lpha=1_bs=4096.pdf): PDF inclusion: multiple pdfs with page group included in a
 single page
> <../graphs/exp2_func_SGD_beta_epoch_num_alpha=1_bs=4096.pdf

pdfTeX warning: /usr/bin/pdflatex (file ../graphs/exp2_func_SGD_beta_epoch_num_
alpha=1_bs=4096.pdf): PDF inclusion: multiple pdfs with page group included in 
a single page
> <../graphs/exp2_accuracy_SGD_beta_epoch_num_alpha=1_bs=4096.pdf

pdfTeX warning: /usr/bin/pdflatex (file ../graphs/exp2_accuracy_SGD_beta_epoch_
num_alpha=1_bs=4096.pdf): PDF inclusion: multiple pdfs with page group included
 in a single page
>]
Package babel Info: Redefining russian shorthand "|
(babel)             in language  on input line 293.
Package babel Info: Redefining russian shorthand "~
(babel)             in language  on input line 293.


Package hyperref Warning: Token not allowed in a PDF string (Unicode):
(hyperref)                removing `math shift' on input line 293.


Package hyperref Warning: Token not allowed in a PDF string (Unicode):
(hyperref)                removing `subscript' on input line 293.


Package hyperref Warning: Token not allowed in a PDF string (Unicode):
(hyperref)                removing `math shift' on input line 293.

File: ../graphs/exp1_func_GD_alpha_time_beta=0,001.pdf Graphic file (type pdf)
<use ../graphs/exp1_func_GD_alpha_time_beta=0,001.pdf>
Package pdftex.def Info: ../graphs/exp1_func_GD_alpha_time_beta=0,001.pdf  used
 on input line 309.
(pdftex.def)             Requested size: 256.07509pt x 186.36584pt.

Overfull \hbox (5.00027pt too wide) in paragraph at lines 309--310
 [] 
 []

File: ../graphs/exp1_accuracy_GD_alpha_time_beta=0,001.pdf Graphic file (type p
df)
<use ../graphs/exp1_accuracy_GD_alpha_time_beta=0,001.pdf>
Package pdftex.def Info: ../graphs/exp1_accuracy_GD_alpha_time_beta=0,001.pdf  
used on input line 312.
(pdftex.def)             Requested size: 256.07509pt x 186.36584pt.

Overfull \hbox (5.00027pt too wide) in paragraph at lines 312--313
 [][] 
 []

File: ../graphs/exp1_func_GD_alpha_time_beta=0,001.pdf Graphic file (type pdf)
<use ../graphs/exp1_func_GD_alpha_time_beta=0,001.pdf>
Package pdftex.def Info: ../graphs/exp1_func_GD_alpha_time_beta=0,001.pdf  used
 on input line 315.
(pdftex.def)             Requested size: 256.07509pt x 186.36584pt.

Overfull \hbox (5.00027pt too wide) in paragraph at lines 315--316
 [][] 
 []

File: ../graphs/exp1_accuracy_GD_alpha_time_beta=0,001.pdf Graphic file (type p
df)
<use ../graphs/exp1_accuracy_GD_alpha_time_beta=0,001.pdf>
Package pdftex.def Info: ../graphs/exp1_accuracy_GD_alpha_time_beta=0,001.pdf  
used on input line 318.
(pdftex.def)             Requested size: 256.07509pt x 186.36584pt.

Overfull \hbox (5.00027pt too wide) in paragraph at lines 318--319
 [][] 
 []

Package babel Info: Redefining russian shorthand "|
(babel)             in language  on input line 321.
Package babel Info: Redefining russian shorthand "~
(babel)             in language  on input line 321.
Package babel Info: Redefining russian shorthand "|
(babel)             in language  on input line 321.
Package babel Info: Redefining russian shorthand "~
(babel)             in language  on input line 321.
[8pdfTeX warning (ext4): destination with the same identifier (name{figure.21})
 has been already used, duplicate ignored

\AtBegShi@Output ...ipout \box \AtBeginShipoutBox 
                                                  \fi \fi 
l.321             \end{figure}
                              pdfTeX warning (ext4): destination with the same 
identifier (name{figure.22}) has been already used, duplicate ignored

\AtBegShi@Output ...ipout \box \AtBeginShipoutBox 
                                                  \fi \fi 
l.321             \end{figure}
                              pdfTeX warning (ext4): destination with the same 
identifier (name{figure.23}) has been already used, duplicate ignored

\AtBegShi@Output ...ipout \box \AtBeginShipoutBox 
                                                  \fi \fi 
l.321             \end{figure}
                              pdfTeX warning (ext4): destination with the same 
identifier (name{figure.24}) has been already used, duplicate ignored

\AtBegShi@Output ...ipout \box \AtBeginShipoutBox 
                                                  \fi \fi 
l.321             \end{figure}
                               <../graphs/exp3_func_SGD_bs_time_alpha=1_beta=0,
01.pdf> <../graphs/exp3_accuracy_SGD_bs_time_alpha=1_beta=0,01.pdf

pdfTeX warning: /usr/bin/pdflatex (file ../graphs/exp3_accuracy_SGD_bs_time_alp
ha=1_beta=0,01.pdf): PDF inclusion: multiple pdfs with page group included in a
 single page
> <../graphs/exp3_func_SGD_bs_epoch_num_alpha=1_beta=0,01.pdf

pdfTeX warning: /usr/bin/pdflatex (file ../graphs/exp3_func_SGD_bs_epoch_num_al
pha=1_beta=0,01.pdf): PDF inclusion: multiple pdfs with page group included in 
a single page
> <../graphs/exp3_accuracy_SGD_bs_epoch_num_alpha=1_beta=0,01.pdf

pdfTeX warning: /usr/bin/pdflatex (file ../graphs/exp3_accuracy_SGD_bs_epoch_nu
m_alpha=1_beta=0,01.pdf): PDF inclusion: multiple pdfs with page group included
 in a single page
>]
Package babel Info: Redefining russian shorthand "|
(babel)             in language  on input line 325.
Package babel Info: Redefining russian shorthand "~
(babel)             in language  on input line 325.
<../graphs/SGD_GD_func_alpha=1_beta=0,001_bs=1024.pdf, id=804, 1084.05pt x 505.
89pt>
File: ../graphs/SGD_GD_func_alpha=1_beta=0,001_bs=1024.pdf Graphic file (type p
df)
<use ../graphs/SGD_GD_func_alpha=1_beta=0,001_bs=1024.pdf>
Package pdftex.def Info: ../graphs/SGD_GD_func_alpha=1_beta=0,001_bs=1024.pdf  
used on input line 337.
(pdftex.def)             Requested size: 256.07509pt x 186.36584pt.

Overfull \hbox (5.00027pt too wide) in paragraph at lines 337--338
 [] 
 []

<../graphs/SGD_GD_accuracy_alpha=1_beta=0,001_bs=1024.pdf, id=805, 1084.05pt x 
505.89pt>
File: ../graphs/SGD_GD_accuracy_alpha=1_beta=0,001_bs=1024.pdf Graphic file (ty
pe pdf)
<use ../graphs/SGD_GD_accuracy_alpha=1_beta=0,001_bs=1024.pdf>
Package pdftex.def Info: ../graphs/SGD_GD_accuracy_alpha=1_beta=0,001_bs=1024.p
df  used on input line 340.
(pdftex.def)             Requested size: 256.07509pt x 186.36584pt.

Overfull \hbox (5.00027pt too wide) in paragraph at lines 340--341
 [][] 
 []

Package babel Info: Redefining russian shorthand "|
(babel)             in language  on input line 344.
Package babel Info: Redefining russian shorthand "~
(babel)             in language  on input line 344.
Package babel Info: Redefining russian shorthand "|
(babel)             in language  on input line 344.
Package babel Info: Redefining russian shorthand "~
(babel)             in language  on input line 344.
[9pdfTeX warning (ext4): destination with the same identifier (name{figure.25})
 has been already used, duplicate ignored

\AtBegShi@Output ...ipout \box \AtBeginShipoutBox 
                                                  \fi \fi 
l.344 
      pdfTeX warning (ext4): destination with the same identifier (name{figure.
26}) has been already used, duplicate ignored

\AtBegShi@Output ...ipout \box \AtBeginShipoutBox 
                                                  \fi \fi 
l.344 
      pdfTeX warning (ext4): destination with the same identifier (name{figure.
27}) has been already used, duplicate ignored

\AtBegShi@Output ...ipout \box \AtBeginShipoutBox 
                                                  \fi \fi 
l.344 
      pdfTeX warning (ext4): destination with the same identifier (name{figure.
28}) has been already used, duplicate ignored

\AtBegShi@Output ...ipout \box \AtBeginShipoutBox 
                                                  \fi \fi 
l.344 
      ]
Package babel Info: Redefining russian shorthand "|
(babel)             in language  on input line 363.
Package babel Info: Redefining russian shorthand "~
(babel)             in language  on input line 363.
Package babel Info: Redefining russian shorthand "|
(babel)             in language  on input line 392.
Package babel Info: Redefining russian shorthand "~
(babel)             in language  on input line 392.
Package babel Info: Redefining russian shorthand "|
(babel)             in language  on input line 392.
Package babel Info: Redefining russian shorthand "~
(babel)             in language  on input line 392.
 [10pdfTeX warning (ext4): destination with the same identifier (name{figure.29
}) has been already used, duplicate ignored

\AtBegShi@Output ...ipout \box \AtBeginShipoutBox 
                                                  \fi \fi 
l.392 
      pdfTeX warning (ext4): destination with the same identifier (name{figure.
30}) has been already used, duplicate ignored

\AtBegShi@Output ...ipout \box \AtBeginShipoutBox 
                                                  \fi \fi 
l.392 
      pdfTeX warning (ext4): destination with the same identifier (name{table.1
}) has been already used, duplicate ignored

\AtBegShi@Output ...ipout \box \AtBeginShipoutBox 
                                                  \fi \fi 
l.392 
      pdfTeX warning (ext4): destination with the same identifier (name{table.2
}) has been already used, duplicate ignored

\AtBegShi@Output ...ipout \box \AtBeginShipoutBox 
                                                  \fi \fi 
l.392 
       <../graphs/SGD_GD_func_alpha=1_beta=0,001_bs=1024.pdf> <../graphs/SGD_GD
_accuracy_alpha=1_beta=0,001_bs=1024.pdf

pdfTeX warning: /usr/bin/pdflatex (file ../graphs/SGD_GD_accuracy_alpha=1_beta=
0,001_bs=1024.pdf): PDF inclusion: multiple pdfs with page group included in a 
single page
>]
Package babel Info: Redefining russian shorthand "|
(babel)             in language  on input line 393.
Package babel Info: Redefining russian shorthand "~
(babel)             in language  on input line 393.
<../graphs/GD_BOW_TFIDF_alpha=1_beta=0,001_train_size=83530.pdf, id=892, 1084.0
5pt x 505.89pt>
File: ../graphs/GD_BOW_TFIDF_alpha=1_beta=0,001_train_size=83530.pdf Graphic fi
le (type pdf)
<use ../graphs/GD_BOW_TFIDF_alpha=1_beta=0,001_train_size=83530.pdf>
Package pdftex.def Info: ../graphs/GD_BOW_TFIDF_alpha=1_beta=0,001_train_size=8
3530.pdf  used on input line 405.
(pdftex.def)             Requested size: 256.07509pt x 186.36584pt.

Overfull \hbox (5.00027pt too wide) in paragraph at lines 405--406
 [] 
 []

<../graphs/GD_min_df_accuracy.pdf, id=893, 1084.05pt x 505.89pt>
File: ../graphs/GD_min_df_accuracy.pdf Graphic file (type pdf)
<use ../graphs/GD_min_df_accuracy.pdf>
Package pdftex.def Info: ../graphs/GD_min_df_accuracy.pdf  used on input line 4
08.
(pdftex.def)             Requested size: 256.07509pt x 186.36584pt.

Overfull \hbox (5.00027pt too wide) in paragraph at lines 408--409
 [][] 
 []

<../graphs/GD_BOW_min_df_train_size.pdf, id=894, 1084.05pt x 505.89pt>
File: ../graphs/GD_BOW_min_df_train_size.pdf Graphic file (type pdf)
<use ../graphs/GD_BOW_min_df_train_size.pdf>
Package pdftex.def Info: ../graphs/GD_BOW_min_df_train_size.pdf  used on input 
line 416.
(pdftex.def)             Requested size: 256.07509pt x 186.36584pt.
Package babel Info: Redefining russian shorthand "|
(babel)             in language  on input line 422.
Package babel Info: Redefining russian shorthand "~
(babel)             in language  on input line 422.
Package babel Info: Redefining russian shorthand "|
(babel)             in language  on input line 422.
Package babel Info: Redefining russian shorthand "~
(babel)             in language  on input line 422.
[11pdfTeX warning (ext4): destination with the same identifier (name{figure.31}
) has been already used, duplicate ignored

\AtBegShi@Output ...ipout \box \AtBeginShipoutBox 
                                                  \fi \fi 
l.422                 \item 
                                 ...
pdfTeX warning (ext4): destination with the same identifier (name{figure.32}) h
as been already used, duplicate ignored

\AtBegShi@Output ...ipout \box \AtBeginShipoutBox 
                                                  \fi \fi 
l.422                 \item 
                                 ...
pdfTeX warning (ext4): destination with the same identifier (name{figure.33}) h
as been already used, duplicate ignored

\AtBegShi@Output ...ipout \box \AtBeginShipoutBox 
                                                  \fi \fi 
l.422                 \item 
                                 ...
 <../graphs/GD_BOW_TFIDF_alpha=1_beta=0,001_train_size=83530.pdf> <../graphs/GD
_min_df_accuracy.pdf

pdfTeX warning: /usr/bin/pdflatex (file ../graphs/GD_min_df_accuracy.pdf): PDF 
inclusion: multiple pdfs with page group included in a single page
> <../graphs/GD_BOW_min_df_train_size.pdf

pdfTeX warning: /usr/bin/pdflatex (file ../graphs/GD_BOW_min_df_train_size.pdf)
: PDF inclusion: multiple pdfs with page group included in a single page
>]
Package babel Info: Redefining russian shorthand "|
(babel)             in language  on input line 437.
Package babel Info: Redefining russian shorthand "~
(babel)             in language  on input line 437.
LaTeX Font Info:    Font shape `OML/cmr/m/n' in size <9> not available
(Font)              Font shape `OML/cmm/m/it' tried instead on input line 438.
LaTeX Font Info:    Font shape `OML/cmr/m/n' in size <5> not available
(Font)              Font shape `OML/cmm/m/it' tried instead on input line 438.
LaTeX Font Info:    Font shape `OMS/cmr/m/n' in size <9> not available
(Font)              Font shape `OMS/cmsy/m/n' tried instead on input line 438.
LaTeX Font Info:    Font shape `OMS/cmr/m/n' in size <5> not available
(Font)              Font shape `OMS/cmsy/m/n' tried instead on input line 438.
Package babel Info: Redefining russian shorthand "|
(babel)             in language  on input line 448.
Package babel Info: Redefining russian shorthand "~
(babel)             in language  on input line 448.

Overfull \hbox (29.39516pt too wide) in paragraph at lines 449--449
[]\T2A/cmr/bx/n/17.28  --- ngramm_range  TfidfTransformer
 
 []

Package babel Info: Redefining russian shorthand "|
(babel)             in language  on input line 449.
Package babel Info: Redefining russian shorthand "~
(babel)             in language  on input line 449.
<../graphs/ngram_exp.pdf, id=1006, 1084.05pt x 505.89pt>
File: ../graphs/ngram_exp.pdf Graphic file (type pdf)
<use ../graphs/ngram_exp.pdf>
Package pdftex.def Info: ../graphs/ngram_exp.pdf  used on input line 456.
(pdftex.def)             Requested size: 409.72676pt x 186.36584pt.
Package babel Info: Redefining russian shorthand "|
(babel)             in language  on input line 459.
Package babel Info: Redefining russian shorthand "~
(babel)             in language  on input line 459.
Package babel Info: Redefining russian shorthand "|
(babel)             in language  on input line 459.
Package babel Info: Redefining russian shorthand "~
(babel)             in language  on input line 459.
[12]
Package atveryend Info: Empty hook `BeforeClearDocument' on input line 465.
Package babel Info: Redefining russian shorthand "|
(babel)             in language  on input line 465.
Package babel Info: Redefining russian shorthand "~
(babel)             in language  on input line 465.
Package babel Info: Redefining russian shorthand "|
(babel)             in language  on input line 465.
Package babel Info: Redefining russian shorthand "~
(babel)             in language  on input line 465.
 [13pdfTeX warning (ext4): destination with the same identifier (name{figure.34
}) has been already used, duplicate ignored

\AtBegShi@Output ...ipout \box \AtBeginShipoutBox 
                                                  \fi \fi 
l.465 \end{document}
                     <../graphs/ngram_exp.pdf>]
Package atveryend Info: Empty hook `AfterLastShipout' on input line 465.
 (./report.aux)
Package atveryend Info: Executing hook `AtVeryEndDocument' on input line 465.
Package atveryend Info: Executing hook `AtEndAfterFileList' on input line 465.
Package rerunfilecheck Info: File `report.out' has not changed.
(rerunfilecheck)             Checksum: 1D5E43F1549487FD2A6E4A31E6847652;6072.


LaTeX Warning: There were multiply-defined labels.

Package atveryend Info: Empty hook `AtVeryVeryEnd' on input line 465.
 ) 
Here is how much of TeX's memory you used:
 14045 strings out of 492982
 198673 string characters out of 6134895
 304259 words of memory out of 5000000
 17192 multiletter control sequences out of 15000+600000
 26556 words of font info for 75 fonts, out of 8000000 for 9000
 1141 hyphenation exceptions out of 8191
 41i,9n,43p,1430b,478s stack positions out of 5000i,500n,10000p,200000b,80000s
{/usr/share/texmf/fonts/enc/dvips/cm-super/cm-super-t2a.enc}</usr/share/texli
ve/texmf-dist/fonts/type1/public/amsfonts/cm/cmex10.pfb></usr/share/texlive/tex
mf-dist/fonts/type1/public/amsfonts/cm/cmmi10.pfb></usr/share/texlive/texmf-dis
t/fonts/type1/public/amsfonts/cm/cmmi12.pfb></usr/share/texlive/texmf-dist/font
s/type1/public/amsfonts/cm/cmmi8.pfb></usr/share/texlive/texmf-dist/fonts/type1
/public/amsfonts/cm/cmmi9.pfb></usr/share/texlive/texmf-dist/fonts/type1/public
/amsfonts/cm/cmr10.pfb></usr/share/texlive/texmf-dist/fonts/type1/public/amsfon
ts/cm/cmr8.pfb></usr/share/texlive/texmf-dist/fonts/type1/public/amsfonts/cm/cm
r9.pfb></usr/share/texlive/texmf-dist/fonts/type1/public/amsfonts/cm/cmsy10.pfb
></usr/share/texlive/texmf-dist/fonts/type1/public/amsfonts/cm/cmsy8.pfb></usr/
share/texmf/fonts/type1/public/cm-super/sfbx1095.pfb></usr/share/texmf/fonts/ty
pe1/public/cm-super/sfbx1440.pfb></usr/share/texmf/fonts/type1/public/cm-super/
sfbx1728.pfb></usr/share/texmf/fonts/type1/public/cm-super/sfrm0600.pfb></usr/s
hare/texmf/fonts/type1/public/cm-super/sfrm0800.pfb></usr/share/texmf/fonts/typ
e1/public/cm-super/sfrm0900.pfb></usr/share/texmf/fonts/type1/public/cm-super/s
frm1095.pfb></usr/share/texmf/fonts/type1/public/cm-super/sfrm1440.pfb>
Output written on report.pdf (13 pages, 1490100 bytes).
PDF statistics:
 1133 PDF objects out of 1200 (max. 8388607)
 443 compressed objects within 5 object streams
 80 named destinations out of 1000 (max. 500000)
 290 words of extra memory for PDF output out of 10000 (max. 10000000)

